#
# There is insufficient memory for the Java Runtime Environment to continue.
# Native memory allocation (malloc) failed to allocate 1116656 bytes for Chunk::new
# Possible reasons:
#   The system is out of physical RAM or swap space
#   The process is running with CompressedOops enabled, and the Java Heap may be blocking the growth of the native heap
# Possible solutions:
#   Reduce memory load on the system
#   Increase physical memory or swap space
#   Check if swap backing store is full
#   Decrease Java heap size (-Xmx/-Xms)
#   Decrease number of Java threads
#   Decrease Java thread stack sizes (-Xss)
#   Set larger code cache with -XX:ReservedCodeCacheSize=
#   JVM is running with Unscaled Compressed Oops mode in which the Java heap is
#     placed in the first 4GB address space. The Java Heap base address is the
#     maximum limit for the native heap growth. Please use -XX:HeapBaseMinAddress
#     to set the Java Heap base and to place the Java Heap above 4GB virtual address.
# This output file may be truncated or incomplete.
#
#  Out of Memory Error (allocation.cpp:389), pid=10448, tid=0x000000000000481c
#
# JRE version: Java(TM) SE Runtime Environment (8.0_271-b09) (build 1.8.0_271-b09)
# Java VM: Java HotSpot(TM) 64-Bit Server VM (25.271-b09 mixed mode windows-amd64 compressed oops)
# Failed to write core dump. Minidumps are not enabled by default on client versions of Windows
#

---------------  T H R E A D  ---------------

Current thread (0x000001a280a55000):  JavaThread "C2 CompilerThread1" daemon [_thread_in_native, id=18460, stack(0x0000000438300000,0x0000000438400000)]

Stack: [0x0000000438300000,0x0000000438400000]
Native frames: (J=compiled Java code, j=interpreted, Vv=VM code, C=native code)
V  [jvm.dll+0x33f6c9]
V  [jvm.dll+0x286122]
V  [jvm.dll+0x286dcd]
V  [jvm.dll+0x27d805]
V  [jvm.dll+0xe574c]
V  [jvm.dll+0xe5f4c]
V  [jvm.dll+0x480095]
V  [jvm.dll+0x447de8]
V  [jvm.dll+0x450c25]
V  [jvm.dll+0x44ffe5]
V  [jvm.dll+0x43aef7]
V  [jvm.dll+0xbc3eb]
V  [jvm.dll+0xbaa4b]
V  [jvm.dll+0x24e7c2]
V  [jvm.dll+0x2a2dcc]
C  [ucrtbase.dll+0x210b2]
C  [KERNEL32.DLL+0x17c24]
C  [ntdll.dll+0x6d721]


Current CompileTask:
C2:4587182 30945 %     4       com.android.tools.r8.ir.optimize.a0::a @ 309 (425 bytes)


---------------  P R O C E S S  ---------------

Java Threads: ( => current thread )
  0x000001a287160800 JavaThread "WorkerExecutor Queue Thread 10" [_thread_blocked, id=12472, stack(0x0000000440800000,0x0000000440900000)]
  0x000001a28715e000 JavaThread "Cache worker for Java compile cache (D:\workplace\test\test1_\ServiceDemo\.gradle\6.5\javaCompile)" [_thread_blocked, id=816, stack(0x0000000442000000,0x0000000442100000)]
  0x000001a28715c000 JavaThread "WorkerExecutor Queue Thread 9" [_thread_blocked, id=18844, stack(0x0000000441f00000,0x0000000442000000)]
  0x000001a28715f000 JavaThread "stdout" [_thread_in_native, id=7880, stack(0x0000000441e00000,0x0000000441f00000)]
  0x000001a28715b000 JavaThread "stderr" [_thread_in_native, id=1880, stack(0x0000000441d00000,0x0000000441e00000)]
  0x000001a28715a800 JavaThread "stdout" [_thread_in_native, id=15312, stack(0x0000000441c00000,0x0000000441d00000)]
  0x000001a28715d800 JavaThread "stderr" [_thread_in_native, id=1920, stack(0x0000000441b00000,0x0000000441c00000)]
  0x000001a285b1b800 JavaThread "WorkerExecutor Queue Thread 8" [_thread_blocked, id=12060, stack(0x0000000441a00000,0x0000000441b00000)]
  0x000001a285b1a800 JavaThread "WorkerExecutor Queue Thread 7" [_thread_blocked, id=9344, stack(0x0000000441900000,0x0000000441a00000)]
  0x000001a285b1d000 JavaThread "stdout" [_thread_in_native, id=15464, stack(0x0000000441800000,0x0000000441900000)]
  0x000001a285b1e800 JavaThread "stderr" [_thread_in_native, id=3244, stack(0x0000000441700000,0x0000000441800000)]
  0x000001a285b18800 JavaThread "stdout" [_thread_in_native, id=13464, stack(0x0000000441600000,0x0000000441700000)]
  0x000001a285b1f000 JavaThread "stderr" [_thread_in_native, id=11076, stack(0x0000000441500000,0x0000000441600000)]
  0x000001a285b1a000 JavaThread "WorkerExecutor Queue Thread 6" [_thread_blocked, id=18456, stack(0x0000000441400000,0x0000000441500000)]
  0x000001a282304000 JavaThread "stdout" [_thread_in_native, id=1648, stack(0x0000000441300000,0x0000000441400000)]
  0x000001a282303800 JavaThread "stderr" [_thread_in_native, id=3312, stack(0x0000000441200000,0x0000000441300000)]
  0x000001a282302800 JavaThread "stdout" [_thread_in_native, id=15336, stack(0x0000000441100000,0x0000000441200000)]
  0x000001a282302000 JavaThread "stderr" [_thread_in_native, id=6952, stack(0x0000000440f00000,0x0000000441000000)]
  0x000001a282300800 JavaThread "WorkerExecutor Queue Thread 5" [_thread_blocked, id=11424, stack(0x0000000440e00000,0x0000000440f00000)]
  0x000001a282305800 JavaThread "stdout" [_thread_in_native, id=14256, stack(0x0000000440d00000,0x0000000440e00000)]
  0x000001a282305000 JavaThread "stderr" [_thread_in_native, id=11712, stack(0x0000000440c00000,0x0000000440d00000)]
  0x000001a28912a800 JavaThread "WorkerExecutor Queue Thread 4" [_thread_blocked, id=984, stack(0x0000000440b00000,0x0000000440c00000)]
  0x000001a289128800 JavaThread "WorkerExecutor Queue Thread 3" [_thread_blocked, id=13208, stack(0x0000000440a00000,0x0000000440b00000)]
  0x000001a28911f800 JavaThread "pool-14-thread-1" [_thread_blocked, id=18444, stack(0x0000000440900000,0x0000000440a00000)]
  0x000001a28911d000 JavaThread "WorkerExecutor Queue" [_thread_blocked, id=17464, stack(0x0000000440700000,0x0000000440800000)]
  0x000001a289124000 JavaThread "Cache worker for execution history cache (D:\workplace\test\test1_\ServiceDemo\.gradle\6.5\executionHistory)" [_thread_blocked, id=19036, stack(0x0000000440600000,0x0000000440700000)]
  0x000001a28911c800 JavaThread "Execution worker for ':' Thread 7" [_thread_in_Java, id=9864, stack(0x0000000440500000,0x0000000440600000)]
  0x000001a28911e800 JavaThread "Execution worker for ':' Thread 6" [_thread_in_Java, id=12916, stack(0x0000000440400000,0x0000000440500000)]
  0x000001a289120000 JavaThread "Execution worker for ':' Thread 5" [_thread_in_Java, id=13512, stack(0x0000000440300000,0x0000000440400000)]
  0x000001a289122800 JavaThread "Execution worker for ':' Thread 4" [_thread_in_Java, id=17292, stack(0x0000000440200000,0x0000000440300000)]
  0x000001a289121800 JavaThread "Execution worker for ':' Thread 3" [_thread_in_Java, id=17868, stack(0x0000000440100000,0x0000000440200000)]
  0x000001a289121000 JavaThread "Execution worker for ':' Thread 2" [_thread_in_Java, id=6180, stack(0x0000000440000000,0x0000000440100000)]
  0x000001a282fa3800 JavaThread "Execution worker for ':'" [_thread_in_Java, id=17652, stack(0x000000043ff00000,0x0000000440000000)]
  0x000001a282fa3000 JavaThread "Cache worker for file content cache (D:\workplace\test\test1_\ServiceDemo\.gradle\6.5\fileContent)" [_thread_blocked, id=8196, stack(0x000000043fe00000,0x000000043ff00000)]
  0x000001a282fa8000 JavaThread "Cache worker for Build Output Cleanup Cache (D:\workplace\test\test1_\ServiceDemo\.gradle\buildOutputCleanup)" [_thread_blocked, id=832, stack(0x000000043fd00000,0x000000043fe00000)]
  0x000001a282fa1800 JavaThread "jar transforms Thread 552" [_thread_blocked, id=4700, stack(0x000000043fc00000,0x000000043fd00000)]
  0x000001a282fa6000 JavaThread "jar transforms Thread 551" [_thread_blocked, id=9584, stack(0x000000043fb00000,0x000000043fc00000)]
  0x000001a282fa5000 JavaThread "jar transforms Thread 550" [_thread_blocked, id=4964, stack(0x000000043fa00000,0x000000043fb00000)]
  0x000001a282fa4800 JavaThread "jar transforms Thread 549" [_thread_blocked, id=17332, stack(0x000000043f900000,0x000000043fa00000)]
  0x000001a282fa0800 JavaThread "jar transforms Thread 548" [_thread_blocked, id=6812, stack(0x000000043f800000,0x000000043f900000)]
  0x000001a282fa7800 JavaThread "jar transforms Thread 547" [_thread_blocked, id=14744, stack(0x000000043f700000,0x000000043f800000)]
  0x000001a282fa6800 JavaThread "jar transforms Thread 546" [_thread_blocked, id=8760, stack(0x000000043f600000,0x000000043f700000)]
  0x000001a282fa2000 JavaThread "jar transforms Thread 545" [_thread_blocked, id=15564, stack(0x000000043f500000,0x000000043f600000)]
  0x000001a282f99000 JavaThread "jar transforms Thread 544" [_thread_blocked, id=2376, stack(0x000000043f400000,0x000000043f500000)]
  0x000001a282fa0000 JavaThread "jar transforms Thread 543" [_thread_blocked, id=17264, stack(0x000000043f300000,0x000000043f400000)]
  0x000001a282f9f000 JavaThread "jar transforms Thread 542" [_thread_blocked, id=13220, stack(0x000000043f200000,0x000000043f300000)]
  0x000001a282f9e800 JavaThread "jar transforms Thread 541" [_thread_blocked, id=10004, stack(0x000000043f100000,0x000000043f200000)]
  0x000001a282f9d800 JavaThread "jar transforms Thread 540" [_thread_blocked, id=16888, stack(0x000000043f000000,0x000000043f100000)]
  0x000001a289406800 JavaThread "jar transforms Thread 539" [_thread_blocked, id=17392, stack(0x000000043ef00000,0x000000043f000000)]
  0x000001a28940c000 JavaThread "jar transforms Thread 538" [_thread_blocked, id=14688, stack(0x000000043ee00000,0x000000043ef00000)]
  0x000001a28940a800 JavaThread "jar transforms Thread 537" [_thread_blocked, id=16140, stack(0x000000043ed00000,0x000000043ee00000)]
  0x000001a289409800 JavaThread "jar transforms Thread 536" [_thread_blocked, id=9160, stack(0x000000043ec00000,0x000000043ed00000)]
  0x000001a289409000 JavaThread "jar transforms Thread 535" [_thread_blocked, id=532, stack(0x000000043eb00000,0x000000043ec00000)]
  0x000001a289408000 JavaThread "jar transforms Thread 534" [_thread_blocked, id=11332, stack(0x000000043ea00000,0x000000043eb00000)]
  0x000001a289406000 JavaThread "jar transforms Thread 533" [_thread_blocked, id=16492, stack(0x000000043e900000,0x000000043ea00000)]
  0x000001a28940b000 JavaThread "jar transforms Thread 532" [_thread_blocked, id=15912, stack(0x000000043e800000,0x000000043e900000)]
  0x000001a2893fe800 JavaThread "jar transforms Thread 531" [_thread_blocked, id=7500, stack(0x000000043e700000,0x000000043e800000)]
  0x000001a289403800 JavaThread "jar transforms Thread 530" [_thread_blocked, id=228, stack(0x000000043e600000,0x000000043e700000)]
  0x000001a2893ff000 JavaThread "jar transforms Thread 529" [_thread_blocked, id=18300, stack(0x000000043e500000,0x000000043e600000)]
  0x000001a289402000 JavaThread "jar transforms Thread 528" [_thread_blocked, id=13368, stack(0x000000043e400000,0x000000043e500000)]
  0x000001a2893fd800 JavaThread "jar transforms Thread 527" [_thread_blocked, id=7024, stack(0x000000043e300000,0x000000043e400000)]
  0x000001a289404800 JavaThread "jar transforms Thread 526" [_thread_blocked, id=164, stack(0x000000043e200000,0x000000043e300000)]
  0x000001a289401800 JavaThread "jar transforms Thread 525" [_thread_blocked, id=12156, stack(0x000000043e100000,0x000000043e200000)]
  0x000001a2893fd000 JavaThread "jar transforms Thread 524" [_thread_blocked, id=11144, stack(0x000000043e000000,0x000000043e100000)]
  0x000001a289400800 JavaThread "jar transforms Thread 523" [_thread_blocked, id=6364, stack(0x000000043df00000,0x000000043e000000)]
  0x000001a289403000 JavaThread "jar transforms Thread 522" [_thread_blocked, id=18520, stack(0x000000043de00000,0x000000043df00000)]
  0x000001a289400000 JavaThread "jar transforms Thread 521" [_thread_blocked, id=1296, stack(0x000000043dd00000,0x000000043de00000)]
  0x000001a28623d000 JavaThread "jar transforms Thread 520" [_thread_blocked, id=18156, stack(0x000000043dc00000,0x000000043dd00000)]
  0x000001a28623c000 JavaThread "jar transforms Thread 519" [_thread_blocked, id=15852, stack(0x000000043db00000,0x000000043dc00000)]
  0x000001a286234800 JavaThread "jar transforms Thread 518" [_thread_blocked, id=16452, stack(0x000000043da00000,0x000000043db00000)]
  0x000001a28623b800 JavaThread "jar transforms Thread 517" [_thread_blocked, id=17368, stack(0x000000043d900000,0x000000043da00000)]
  0x000001a286234000 JavaThread "jar transforms Thread 516" [_thread_blocked, id=14864, stack(0x000000043d800000,0x000000043d900000)]
  0x000001a28623a800 JavaThread "jar transforms Thread 515" [_thread_blocked, id=6600, stack(0x000000043d700000,0x000000043d800000)]
  0x000001a28623a000 JavaThread "jar transforms Thread 514" [_thread_blocked, id=10808, stack(0x000000043d600000,0x000000043d700000)]
  0x000001a286232800 JavaThread "jar transforms Thread 513" [_thread_blocked, id=13640, stack(0x000000043d500000,0x000000043d600000)]
  0x000001a286239000 JavaThread "jar transforms Thread 512" [_thread_blocked, id=7828, stack(0x000000043d400000,0x000000043d500000)]
  0x000001a286238800 JavaThread "jar transforms Thread 511" [_thread_blocked, id=19160, stack(0x000000043d300000,0x000000043d400000)]
  0x000001a286236000 JavaThread "jar transforms Thread 510" [_thread_blocked, id=10744, stack(0x000000043d200000,0x000000043d300000)]
  0x000001a286237800 JavaThread "jar transforms Thread 509" [_thread_blocked, id=3656, stack(0x000000043d100000,0x000000043d200000)]
  0x000001a286230000 JavaThread "jar transforms Thread 508" [_thread_blocked, id=15040, stack(0x000000043d000000,0x000000043d100000)]
  0x000001a286237000 JavaThread "jar transforms Thread 507" [_thread_blocked, id=1040, stack(0x000000043cf00000,0x000000043d000000)]
  0x000001a28622e800 JavaThread "jar transforms Thread 506" [_thread_blocked, id=14536, stack(0x000000043ce00000,0x000000043cf00000)]
  0x000001a286233000 JavaThread "jar transforms Thread 505" [_thread_blocked, id=14720, stack(0x000000043cd00000,0x000000043ce00000)]
  0x000001a286231800 JavaThread "jar transforms Thread 504" [_thread_blocked, id=9760, stack(0x000000043cc00000,0x000000043cd00000)]
  0x000001a28622f000 JavaThread "jar transforms Thread 503" [_thread_blocked, id=15148, stack(0x000000043cb00000,0x000000043cc00000)]
  0x000001a28622d800 JavaThread "jar transforms Thread 502" [_thread_blocked, id=15788, stack(0x000000043ca00000,0x000000043cb00000)]
  0x000001a286231000 JavaThread "jar transforms Thread 501" [_thread_blocked, id=8688, stack(0x000000043c900000,0x000000043ca00000)]
  0x000001a289330800 JavaThread "jar transforms Thread 500" [_thread_blocked, id=6704, stack(0x000000043c800000,0x000000043c900000)]
  0x000001a289337800 JavaThread "jar transforms Thread 499" [_thread_blocked, id=7496, stack(0x000000043c700000,0x000000043c800000)]
  0x000001a289336800 JavaThread "jar transforms Thread 498" [_thread_blocked, id=11472, stack(0x000000043c600000,0x000000043c700000)]
  0x000001a289336000 JavaThread "jar transforms Thread 497" [_thread_blocked, id=14804, stack(0x000000043c500000,0x000000043c600000)]
  0x000001a289332000 JavaThread "jar transforms Thread 496" [_thread_blocked, id=12912, stack(0x000000043c400000,0x000000043c500000)]
  0x000001a289331800 JavaThread "jar transforms Thread 495" [_thread_blocked, id=1276, stack(0x000000043c300000,0x000000043c400000)]
  0x000001a289335000 JavaThread "jar transforms Thread 494" [_thread_blocked, id=18656, stack(0x000000043c200000,0x000000043c300000)]
  0x000001a289334800 JavaThread "jar transforms Thread 493" [_thread_blocked, id=19240, stack(0x000000043c100000,0x000000043c200000)]
  0x000001a289333800 JavaThread "jar transforms Thread 492" [_thread_blocked, id=15736, stack(0x000000043c000000,0x000000043c100000)]
  0x000001a28932c800 JavaThread "jar transforms Thread 491" [_thread_blocked, id=15480, stack(0x000000043bf00000,0x000000043c000000)]
  0x000001a28932c000 JavaThread "jar transforms Thread 490" [_thread_blocked, id=1460, stack(0x000000043be00000,0x000000043bf00000)]
  0x000001a289330000 JavaThread "jar transforms Thread 489" [_thread_blocked, id=13868, stack(0x000000043bd00000,0x000000043be00000)]
  0x000001a289333000 JavaThread "jar transforms Thread 488" [_thread_blocked, id=19216, stack(0x000000043bc00000,0x000000043bd00000)]
  0x000001a28932f000 JavaThread "jar transforms Thread 487" [_thread_blocked, id=18104, stack(0x000000043bb00000,0x000000043bc00000)]
  0x000001a289329000 JavaThread "jar transforms Thread 486" [_thread_blocked, id=8836, stack(0x000000043ba00000,0x000000043bb00000)]
  0x000001a289329800 JavaThread "jar transforms Thread 485" [_thread_blocked, id=11696, stack(0x000000043b900000,0x000000043ba00000)]
  0x000001a28932b000 JavaThread "jar transforms Thread 484" [_thread_blocked, id=9052, stack(0x000000043b800000,0x000000043b900000)]
  0x000001a28932e800 JavaThread "jar transforms Thread 483" [_thread_blocked, id=18648, stack(0x000000043b700000,0x000000043b800000)]
  0x000001a289328000 JavaThread "jar transforms Thread 482" [_thread_blocked, id=17508, stack(0x000000043b600000,0x000000043b700000)]
  0x000001a28932d800 JavaThread "jar transforms Thread 481" [_thread_blocked, id=10148, stack(0x000000043b300000,0x000000043b400000)]
  0x000001a288a03800 JavaThread "jar transforms Thread 480" [_thread_blocked, id=13152, stack(0x000000043b200000,0x000000043b300000)]
  0x000001a288a02000 JavaThread "jar transforms Thread 479" [_thread_blocked, id=17496, stack(0x000000043b100000,0x000000043b200000)]
  0x000001a288a03000 JavaThread "jar transforms Thread 478" [_thread_blocked, id=8708, stack(0x000000043b000000,0x000000043b100000)]
  0x000001a288a05000 JavaThread "jar transforms Thread 477" [_thread_blocked, id=10980, stack(0x000000043af00000,0x000000043b000000)]
  0x000001a288a04800 JavaThread "jar transforms Thread 476" [_thread_blocked, id=10468, stack(0x000000043ae00000,0x000000043af00000)]
  0x000001a288a01800 JavaThread "jar transforms Thread 475" [_thread_blocked, id=13352, stack(0x000000043ad00000,0x000000043ae00000)]
  0x000001a288a06800 JavaThread "jar transforms Thread 474" [_thread_blocked, id=16084, stack(0x000000043ac00000,0x000000043ad00000)]
  0x000001a288a00800 JavaThread "jar transforms Thread 473" [_thread_blocked, id=15088, stack(0x000000043ab00000,0x000000043ac00000)]
  0x000001a288a06000 JavaThread "jar transforms Thread 472" [_thread_blocked, id=14112, stack(0x000000043aa00000,0x000000043ab00000)]
  0x000001a288a00000 JavaThread "jar transforms Thread 471" [_thread_blocked, id=11048, stack(0x000000043a900000,0x000000043aa00000)]
  0x000001a2889f9000 JavaThread "jar transforms Thread 470" [_thread_blocked, id=9108, stack(0x000000043a800000,0x000000043a900000)]
  0x000001a2889f8800 JavaThread "jar transforms Thread 469" [_thread_blocked, id=11608, stack(0x000000043a700000,0x000000043a800000)]
  0x000001a2889ff000 JavaThread "jar transforms Thread 468" [_thread_blocked, id=11544, stack(0x000000043a600000,0x000000043a700000)]
  0x000001a2889fd000 JavaThread "jar transforms Thread 467" [_thread_blocked, id=10544, stack(0x000000043a500000,0x000000043a600000)]
  0x000001a2889fe800 JavaThread "jar transforms Thread 466" [_thread_blocked, id=1476, stack(0x000000043a400000,0x000000043a500000)]
  0x000001a2889f7800 JavaThread "jar transforms Thread 465" [_thread_blocked, id=16172, stack(0x000000043a300000,0x000000043a400000)]
  0x000001a2889fa800 JavaThread "jar transforms Thread 464" [_thread_blocked, id=3192, stack(0x000000043a200000,0x000000043a300000)]
  0x000001a2889fc000 JavaThread "jar transforms Thread 463" [_thread_blocked, id=14168, stack(0x000000043a100000,0x000000043a200000)]
  0x000001a2889fb800 JavaThread "jar transforms Thread 462" [_thread_blocked, id=15780, stack(0x000000043a000000,0x000000043a100000)]
  0x000001a2889fd800 JavaThread "jar transforms Thread 461" [_thread_blocked, id=17320, stack(0x0000000439f00000,0x000000043a000000)]
  0x000001a288590000 JavaThread "Build operations Thread 8" [_thread_blocked, id=916, stack(0x0000000439e00000,0x0000000439f00000)]
  0x000001a28858f800 JavaThread "Build operations Thread 7" [_thread_blocked, id=2712, stack(0x0000000439d00000,0x0000000439e00000)]
  0x000001a28858e800 JavaThread "Build operations Thread 6" [_thread_blocked, id=19200, stack(0x0000000439c00000,0x0000000439d00000)]
  0x000001a28858d000 JavaThread "Build operations Thread 5" [_thread_blocked, id=7692, stack(0x0000000439b00000,0x0000000439c00000)]
  0x000001a28858e000 JavaThread "Build operations Thread 4" [_thread_blocked, id=8140, stack(0x0000000439a00000,0x0000000439b00000)]
  0x000001a28858c800 JavaThread "Build operations Thread 3" [_thread_blocked, id=18288, stack(0x0000000439900000,0x0000000439a00000)]
  0x000001a288585000 JavaThread "Build operations Thread 2" [_thread_blocked, id=14900, stack(0x0000000439800000,0x0000000439900000)]
  0x000001a28858b800 JavaThread "Build operations" [_thread_blocked, id=8684, stack(0x0000000439700000,0x0000000439800000)]
  0x000001a28858b000 JavaThread "Cache worker for cache directory md-rule (D:\gradle\gradle-6.6-all\gradle-6.6\gradle-6.6\bin\caches\6.5\md-rule)" [_thread_blocked, id=17388, stack(0x0000000439300000,0x0000000439400000)]
  0x000001a28858a000 JavaThread "Cache worker for cache directory md-supplier (D:\gradle\gradle-6.6-all\gradle-6.6\gradle-6.6\bin\caches\6.5\md-supplier)" [_thread_blocked, id=18872, stack(0x0000000439200000,0x0000000439300000)]
  0x000001a288582000 JavaThread "Cache worker for checksums cache (D:\workplace\test\test1_\ServiceDemo\.gradle\checksums)" [_thread_blocked, id=16048, stack(0x0000000439100000,0x0000000439200000)]
  0x000001a288584000 JavaThread "Cache worker for file hash cache (D:\workplace\test\test1_\ServiceDemo\.gradle\6.5\fileHashes)" [_thread_blocked, id=12068, stack(0x0000000439000000,0x0000000439100000)]
  0x000001a288588800 JavaThread "Thread-645" [_thread_blocked, id=12596, stack(0x0000000438f00000,0x0000000439000000)]
  0x000001a288581000 JavaThread "Stdin handler" [_thread_blocked, id=16008, stack(0x0000000438e00000,0x0000000438f00000)]
  0x000001a288585800 JavaThread "Asynchronous log dispatcher for DefaultDaemonConnection: socket connection from /127.0.0.1:52836 to /127.0.0.1:59565" [_thread_blocked, id=9876, stack(0x0000000438d00000,0x0000000438e00000)]
  0x000001a288587000 JavaThread "Daemon worker Thread 6" [_thread_in_Java, id=12008, stack(0x0000000438a00000,0x0000000438b00000)]
  0x000001a288588000 JavaThread "Cancel handler" [_thread_blocked, id=16804, stack(0x0000000438900000,0x0000000438a00000)]
  0x000001a288583800 JavaThread "Handler for socket connection from /127.0.0.1:52836 to /127.0.0.1:59565" [_thread_in_native, id=4536, stack(0x0000000437300000,0x0000000437400000)]
  0x000001a288582800 JavaThread "Daemon Thread 6" [_thread_blocked, id=8752, stack(0x0000000437200000,0x0000000437300000)]
  0x000001a289123000 JavaThread "Cache worker for Java compile cache (D:\gradle\gradle-6.6-all\gradle-6.6\gradle-6.6\bin\caches\6.5\javaCompile)" [_thread_blocked, id=17240, stack(0x0000000441000000,0x0000000441100000)]
  0x000001a282f9b800 JavaThread "Memory manager" [_thread_blocked, id=3172, stack(0x0000000437100000,0x0000000437200000)]
  0x000001a285b1d800 JavaThread "Cache worker for file content cache (D:\gradle\gradle-6.6-all\gradle-6.6\gradle-6.6\bin\caches\6.5\fileContent)" [_thread_blocked, id=2320, stack(0x000000043b500000,0x000000043b600000)]
  0x000001a285b1c000 JavaThread "Cache worker for execution history cache (D:\gradle\gradle-6.6-all\gradle-6.6\gradle-6.6\bin\caches\6.5\executionHistory)" [_thread_blocked, id=16284, stack(0x000000043b400000,0x000000043b500000)]
  0x000001a282307000 JavaThread "Cache worker for file hash cache (D:\gradle\gradle-6.6-all\gradle-6.6\gradle-6.6\bin\caches\6.5\fileHashes)" [_thread_blocked, id=10644, stack(0x0000000439600000,0x0000000439700000)]
  0x000001a282301000 JavaThread "File lock request listener" [_thread_in_native, id=4284, stack(0x0000000439500000,0x0000000439600000)]
  0x000001a282306800 JavaThread "Cache worker for journal cache (D:\gradle\gradle-6.6-all\gradle-6.6\gradle-6.6\bin\caches\journal-1)" [_thread_blocked, id=15576, stack(0x0000000439400000,0x0000000439500000)]
  0x000001a283e42000 JavaThread "Daemon periodic checks" [_thread_blocked, id=3176, stack(0x0000000438c00000,0x0000000438d00000)]
  0x000001a283e35800 JavaThread "Incoming local TCP Connector on port 52836" [_thread_in_native, id=10884, stack(0x0000000438b00000,0x0000000438c00000)]
  0x000001a283d5f800 JavaThread "Daemon health stats" [_thread_blocked, id=13784, stack(0x0000000438800000,0x0000000438900000)]
  0x000001a281d16800 JavaThread "Service Thread" daemon [_thread_blocked, id=9956, stack(0x0000000438600000,0x0000000438700000)]
  0x000001a280a68000 JavaThread "C1 CompilerThread3" daemon [_thread_blocked, id=5832, stack(0x0000000438500000,0x0000000438600000)]
  0x000001a280a58000 JavaThread "C2 CompilerThread2" daemon [_thread_in_native, id=2696, stack(0x0000000438400000,0x0000000438500000)]
=>0x000001a280a55000 JavaThread "C2 CompilerThread1" daemon [_thread_in_native, id=18460, stack(0x0000000438300000,0x0000000438400000)]
  0x000001a2809fa800 JavaThread "C2 CompilerThread0" daemon [_thread_in_native, id=8356, stack(0x0000000438200000,0x0000000438300000)]
  0x000001a280a52800 JavaThread "Attach Listener" daemon [_thread_blocked, id=8336, stack(0x0000000438100000,0x0000000438200000)]
  0x000001a280a51800 JavaThread "Signal Dispatcher" daemon [_thread_blocked, id=6736, stack(0x0000000438000000,0x0000000438100000)]
  0x000001a2ffd2e000 JavaThread "Finalizer" daemon [_thread_blocked, id=7604, stack(0x0000000437f00000,0x0000000438000000)]
  0x000001a2ffd27000 JavaThread "Reference Handler" daemon [_thread_blocked, id=9100, stack(0x0000000437e00000,0x0000000437f00000)]
  0x000001a2e9bf4000 JavaThread "main" [_thread_blocked, id=10364, stack(0x0000000437400000,0x0000000437500000)]

Other Threads:
  0x000001a2809a4000 VMThread [stack: 0x0000000437d00000,0x0000000437e00000] [id=15944]
  0x000001a281d2b000 WatcherThread [stack: 0x0000000438700000,0x0000000438800000] [id=15216]

VM state:not at safepoint (normal execution)

VM Mutex/Monitor currently owned by a thread: None

heap address: 0x0000000080000000, size: 2048 MB, Compressed Oops mode: 32-bit
Narrow klass base: 0x0000000000000000, Narrow klass shift: 3
Compressed class space size: 1073741824 Address: 0x0000000100000000

Heap:
 PSYoungGen      total 622080K, used 184140K [0x00000000d5580000, 0x0000000100000000, 0x0000000100000000)
  eden space 553472K, 26% used [0x00000000d5580000,0x00000000de630820,0x00000000f7200000)
  from space 68608K, 52% used [0x00000000fbd00000,0x00000000fe022970,0x0000000100000000)
  to   space 72704K, 0% used [0x00000000f7200000,0x00000000f7200000,0x00000000fb900000)
 ParOldGen       total 433152K, used 138310K [0x0000000080000000, 0x000000009a700000, 0x00000000d5580000)
  object space 433152K, 31% used [0x0000000080000000,0x0000000088711bf8,0x000000009a700000)
 Metaspace       used 158181K, capacity 165072K, committed 166784K, reserved 1193984K
  class space    used 20437K, capacity 21714K, committed 22144K, reserved 1048576K

Card table byte_map: [0x000001a2fa940000,0x000001a2fad50000] byte_map_base: 0x000001a2fa540000

Marking Bits: (ParMarkBitMap*) 0x0000000069a37fe0
 Begin Bits: [0x000001a2fb000000, 0x000001a2fd000000)
 End Bits:   [0x000001a2fd000000, 0x000001a2ff000000)

Polling page: 0x000001a2e9f30000

CodeCache: size=245760Kb used=82918Kb max_used=84636Kb free=162841Kb
 bounds [0x000001a2eb580000, 0x000001a2f0920000, 0x000001a2fa580000]
 total_blobs=24867 nmethods=23842 adapters=935
 compilation: enabled

Compilation events (10 events):
Event: 4587.144 Thread 0x000001a280a68000 31072       2       com.android.tools.r8.s.b.i1::b (11 bytes)
Event: 4587.145 Thread 0x000001a280a68000 nmethod 31072 0x000001a2ed079d90 code [0x000001a2ed079f00, 0x000001a2ed07a0d0]
Event: 4587.145 Thread 0x000001a280a68000 31073       2       com.android.tools.r8.code.J3::<init> (8 bytes)
Event: 4587.145 Thread 0x000001a280a68000 nmethod 31073 0x000001a2ed079a10 code [0x000001a2ed079b80, 0x000001a2ed079cf0]
Event: 4587.155 Thread 0x000001a280a68000 31075       1       com.android.tools.r8.p.n.U::v (5 bytes)
Event: 4587.156 Thread 0x000001a280a68000 nmethod 31075 0x000001a2ed079750 code [0x000001a2ed0798a0, 0x000001a2ed0799b8]
Event: 4587.156 Thread 0x000001a280a68000 31076       1       com.android.tools.r8.p.n.U::s (5 bytes)
Event: 4587.156 Thread 0x000001a280a68000 nmethod 31076 0x000001a2ed079490 code [0x000001a2ed0795e0, 0x000001a2ed0796f8]
Event: 4587.156 Thread 0x000001a280a68000 31077       3       com.android.tools.r8.q.a.a.b.j2::a (55 bytes)
Event: 4587.157 Thread 0x000001a280a68000 nmethod 31077 0x000001a2f0670710 code [0x000001a2f06708c0, 0x000001a2f0670f30]

GC Heap History (10 events):
Event: 3613.688 GC heap before
{Heap before GC invocations=39 (full 4):
 PSYoungGen      total 632832K, used 582504K [0x00000000d5580000, 0x00000000ffe80000, 0x0000000100000000)
  eden space 567808K, 100% used [0x00000000d5580000,0x00000000f8000000,0x00000000f8000000)
  from space 65024K, 22% used [0x00000000fbf00000,0x00000000fcd5a1d0,0x00000000ffe80000)
  to   space 64512K, 0% used [0x00000000f8000000,0x00000000f8000000,0x00000000fbf00000)
 ParOldGen       total 323072K, used 112027K [0x0000000080000000, 0x0000000093b80000, 0x00000000d5580000)
  object space 323072K, 34% used [0x0000000080000000,0x0000000086d66de0,0x0000000093b80000)
 Metaspace       used 118820K, capacity 125301K, committed 125440K, reserved 1157120K
  class space    used 15568K, capacity 16774K, committed 16896K, reserved 1048576K
Event: 3613.708 GC heap after
Heap after GC invocations=39 (full 4):
 PSYoungGen      total 590336K, used 22236K [0x00000000d5580000, 0x00000000ff880000, 0x0000000100000000)
  eden space 567808K, 0% used [0x00000000d5580000,0x00000000d5580000,0x00000000f8000000)
  from space 22528K, 98% used [0x00000000f8000000,0x00000000f95b7178,0x00000000f9600000)
  to   space 60928K, 0% used [0x00000000fbd00000,0x00000000fbd00000,0x00000000ff880000)
 ParOldGen       total 323072K, used 117702K [0x0000000080000000, 0x0000000093b80000, 0x00000000d5580000)
  object space 323072K, 36% used [0x0000000080000000,0x00000000872f1808,0x0000000093b80000)
 Metaspace       used 118820K, capacity 125301K, committed 125440K, reserved 1157120K
  class space    used 15568K, capacity 16774K, committed 16896K, reserved 1048576K
}
Event: 4561.730 GC heap before
{Heap before GC invocations=40 (full 4):
 PSYoungGen      total 590336K, used 590044K [0x00000000d5580000, 0x00000000ff880000, 0x0000000100000000)
  eden space 567808K, 100% used [0x00000000d5580000,0x00000000f8000000,0x00000000f8000000)
  from space 22528K, 98% used [0x00000000f8000000,0x00000000f95b7178,0x00000000f9600000)
  to   space 60928K, 0% used [0x00000000fbd00000,0x00000000fbd00000,0x00000000ff880000)
 ParOldGen       total 323072K, used 117702K [0x0000000080000000, 0x0000000093b80000, 0x00000000d5580000)
  object space 323072K, 36% used [0x0000000080000000,0x00000000872f1808,0x0000000093b80000)
 Metaspace       used 119691K, capacity 126393K, committed 126592K, reserved 1159168K
  class space    used 15637K, capacity 16850K, committed 17024K, reserved 1048576K
Event: 4561.760 GC heap after
Heap after GC invocations=40 (full 4):
 PSYoungGen      total 632832K, used 18142K [0x00000000d5580000, 0x0000000100000000, 0x0000000100000000)
  eden space 571904K, 0% used [0x00000000d5580000,0x00000000d5580000,0x00000000f8400000)
  from space 60928K, 29% used [0x00000000fbd00000,0x00000000fceb7850,0x00000000ff880000)
  to   space 58368K, 0% used [0x00000000f8400000,0x00000000f8400000,0x00000000fbd00000)
 ParOldGen       total 323072K, used 125115K [0x0000000080000000, 0x0000000093b80000, 0x00000000d5580000)
  object space 323072K, 38% used [0x0000000080000000,0x0000000087a2eca0,0x0000000093b80000)
 Metaspace       used 119691K, capacity 126393K, committed 126592K, reserved 1159168K
  class space    used 15637K, capacity 16850K, committed 17024K, reserved 1048576K
}
Event: 4567.079 GC heap before
{Heap before GC invocations=41 (full 4):
 PSYoungGen      total 632832K, used 333923K [0x00000000d5580000, 0x0000000100000000, 0x0000000100000000)
  eden space 571904K, 55% used [0x00000000d5580000,0x00000000e89e1560,0x00000000f8400000)
  from space 60928K, 29% used [0x00000000fbd00000,0x00000000fceb7850,0x00000000ff880000)
  to   space 58368K, 0% used [0x00000000f8400000,0x00000000f8400000,0x00000000fbd00000)
 ParOldGen       total 323072K, used 125115K [0x0000000080000000, 0x0000000093b80000, 0x00000000d5580000)
  object space 323072K, 38% used [0x0000000080000000,0x0000000087a2eca0,0x0000000093b80000)
 Metaspace       used 156424K, capacity 164018K, committed 164224K, reserved 1191936K
  class space    used 20390K, capacity 21797K, committed 21888K, reserved 1048576K
Event: 4567.121 GC heap after
Heap after GC invocations=41 (full 4):
 PSYoungGen      total 630272K, used 58364K [0x00000000d5580000, 0x0000000100000000, 0x0000000100000000)
  eden space 571904K, 0% used [0x00000000d5580000,0x00000000d5580000,0x00000000f8400000)
  from space 58368K, 99% used [0x00000000f8400000,0x00000000fbcff028,0x00000000fbd00000)
  to   space 68608K, 0% used [0x00000000fbd00000,0x00000000fbd00000,0x0000000100000000)
 ParOldGen       total 323072K, used 143686K [0x0000000080000000, 0x0000000093b80000, 0x00000000d5580000)
  object space 323072K, 44% used [0x0000000080000000,0x0000000088c51af0,0x0000000093b80000)
 Metaspace       used 156424K, capacity 164018K, committed 164224K, reserved 1191936K
  class space    used 20390K, capacity 21797K, committed 21888K, reserved 1048576K
}
Event: 4567.121 GC heap before
{Heap before GC invocations=42 (full 5):
 PSYoungGen      total 630272K, used 58364K [0x00000000d5580000, 0x0000000100000000, 0x0000000100000000)
  eden space 571904K, 0% used [0x00000000d5580000,0x00000000d5580000,0x00000000f8400000)
  from space 58368K, 99% used [0x00000000f8400000,0x00000000fbcff028,0x00000000fbd00000)
  to   space 68608K, 0% used [0x00000000fbd00000,0x00000000fbd00000,0x0000000100000000)
 ParOldGen       total 323072K, used 143686K [0x0000000080000000, 0x0000000093b80000, 0x00000000d5580000)
  object space 323072K, 44% used [0x0000000080000000,0x0000000088c51af0,0x0000000093b80000)
 Metaspace       used 156424K, capacity 164018K, committed 164224K, reserved 1191936K
  class space    used 20390K, capacity 21797K, committed 21888K, reserved 1048576K
Event: 4567.446 GC heap after
Heap after GC invocations=42 (full 5):
 PSYoungGen      total 630272K, used 0K [0x00000000d5580000, 0x0000000100000000, 0x0000000100000000)
  eden space 571904K, 0% used [0x00000000d5580000,0x00000000d5580000,0x00000000f8400000)
  from space 58368K, 0% used [0x00000000f8400000,0x00000000f8400000,0x00000000fbd00000)
  to   space 68608K, 0% used [0x00000000fbd00000,0x00000000fbd00000,0x0000000100000000)
 ParOldGen       total 433152K, used 138302K [0x0000000080000000, 0x000000009a700000, 0x00000000d5580000)
  object space 433152K, 31% used [0x0000000080000000,0x000000008870fbf8,0x000000009a700000)
 Metaspace       used 155627K, capacity 162228K, committed 164224K, reserved 1191936K
  class space    used 20151K, capacity 21367K, committed 21888K, reserved 1048576K
}
Event: 4587.015 GC heap before
{Heap before GC invocations=43 (full 5):
 PSYoungGen      total 630272K, used 571904K [0x00000000d5580000, 0x0000000100000000, 0x0000000100000000)
  eden space 571904K, 100% used [0x00000000d5580000,0x00000000f8400000,0x00000000f8400000)
  from space 58368K, 0% used [0x00000000f8400000,0x00000000f8400000,0x00000000fbd00000)
  to   space 68608K, 0% used [0x00000000fbd00000,0x00000000fbd00000,0x0000000100000000)
 ParOldGen       total 433152K, used 138302K [0x0000000080000000, 0x000000009a700000, 0x00000000d5580000)
  object space 433152K, 31% used [0x0000000080000000,0x000000008870fbf8,0x000000009a700000)
 Metaspace       used 158146K, capacity 165052K, committed 166784K, reserved 1193984K
  class space    used 20430K, capacity 21708K, committed 22144K, reserved 1048576K
Event: 4587.040 GC heap after
Heap after GC invocations=43 (full 5):
 PSYoungGen      total 622080K, used 35978K [0x00000000d5580000, 0x0000000100000000, 0x0000000100000000)
  eden space 553472K, 0% used [0x00000000d5580000,0x00000000d5580000,0x00000000f7200000)
  from space 68608K, 52% used [0x00000000fbd00000,0x00000000fe022970,0x0000000100000000)
  to   space 72704K, 0% used [0x00000000f7200000,0x00000000f7200000,0x00000000fb900000)
 ParOldGen       total 433152K, used 138310K [0x0000000080000000, 0x000000009a700000, 0x00000000d5580000)
  object space 433152K, 31% used [0x0000000080000000,0x0000000088711bf8,0x000000009a700000)
 Metaspace       used 158146K, capacity 165052K, committed 166784K, reserved 1193984K
  class space    used 20430K, capacity 21708K, committed 22144K, reserved 1048576K
}

Deoptimization events (10 events):
Event: 4586.738 Thread 0x000001a288587000 Uncommon trap: reason=unstable_if action=reinterpret pc=0x000001a2ef85009c method=com.android.tools.r8.ir.optimize.l.t(Lcom/android/tools/r8/s/b/X;)V @ 508
Event: 4586.749 Thread 0x000001a28911c800 Uncommon trap: reason=class_check action=maybe_recompile pc=0x000001a2ef5c4260 method=com.android.tools.r8.ir.conversion.o.a(Lcom/android/tools/r8/ir/conversion/N;IZ)V @ 628
Event: 4586.821 Thread 0x000001a28911c800 Uncommon trap: reason=unstable_if action=reinterpret pc=0x000001a2efc0dec8 method=com.android.tools.r8.s.b.W0.b()Z @ 5
Event: 4586.821 Thread 0x000001a28911c800 Uncommon trap: reason=unstable_if action=reinterpret pc=0x000001a2ecdf2254 method=com.android.tools.r8.s.b.W0.b()Z @ 5
Event: 4586.826 Thread 0x000001a28911c800 Uncommon trap: reason=class_check action=maybe_recompile pc=0x000001a2ef5c4260 method=com.android.tools.r8.ir.conversion.o.a(Lcom/android/tools/r8/ir/conversion/N;IZ)V @ 628
Event: 4586.927 Thread 0x000001a288587000 Uncommon trap: reason=unstable_if action=reinterpret pc=0x000001a2eef3abf8 method=com.android.tools.r8.ir.regalloc.g.b()V @ 656
Event: 4587.082 Thread 0x000001a288587000 Uncommon trap: reason=unstable_if action=reinterpret pc=0x000001a2ee72f2a0 method=com.android.tools.r8.s.b.q1.a(Lcom/android/tools/r8/graph/f;Lcom/android/tools/r8/s/b/X;)Z @ 30
Event: 4587.112 Thread 0x000001a28911c800 Uncommon trap: reason=class_check action=maybe_recompile pc=0x000001a2ef5c4260 method=com.android.tools.r8.ir.conversion.o.a(Lcom/android/tools/r8/ir/conversion/N;IZ)V @ 628
Event: 4587.112 Thread 0x000001a28911c800 Uncommon trap: reason=class_check action=maybe_recompile pc=0x000001a2ef5c4260 method=com.android.tools.r8.ir.conversion.o.a(Lcom/android/tools/r8/ir/conversion/N;IZ)V @ 628
Event: 4587.139 Thread 0x000001a28911c800 Uncommon trap: reason=unstable_if action=reinterpret pc=0x000001a2ef6d1854 method=com.android.tools.r8.ir.optimize.l.a(Lcom/android/tools/r8/s/b/X;)V @ 231

Classes redefined (0 events):
No events

Internal exceptions (10 events):
Event: 4586.818 Thread 0x000001a289121000 Exception <a 'sun/nio/fs/WindowsException'> (0x00000000ed9c8428) thrown at [C:\jenkins\workspace\8-2-build-windows-amd64-cygwin\jdk8u271\605\hotspot\src\share\vm\prims\jni.cpp, line 710]
Event: 4586.875 Thread 0x000001a289121800 Exception <a 'sun/nio/fs/WindowsException'> (0x00000000f0ac0720) thrown at [C:\jenkins\workspace\8-2-build-windows-amd64-cygwin\jdk8u271\605\hotspot\src\share\vm\prims\jni.cpp, line 710]
Event: 4586.902 Thread 0x000001a28911c800 Exception <a 'java/lang/IncompatibleClassChangeError': Found class java.lang.Object, but interface was expected> (0x00000000f1e4a110) thrown at [C:\jenkins\workspace\8-2-build-windows-amd64-cygwin\jdk8u271\605\hotspot\src\share\vm\interpreter\linkResolver
Event: 4586.999 Thread 0x000001a289120000 Exception <a 'sun/nio/fs/WindowsException'> (0x00000000f79ec068) thrown at [C:\jenkins\workspace\8-2-build-windows-amd64-cygwin\jdk8u271\605\hotspot\src\share\vm\prims\jni.cpp, line 710]
Event: 4587.001 Thread 0x000001a28911c800 Exception <a 'sun/nio/fs/WindowsException'> (0x00000000f7729fc0) thrown at [C:\jenkins\workspace\8-2-build-windows-amd64-cygwin\jdk8u271\605\hotspot\src\share\vm\prims\jni.cpp, line 710]
Event: 4587.061 Thread 0x000001a289121000 Exception <a 'sun/nio/fs/WindowsException'> (0x00000000d66d8ef8) thrown at [C:\jenkins\workspace\8-2-build-windows-amd64-cygwin\jdk8u271\605\hotspot\src\share\vm\prims\jni.cpp, line 710]
Event: 4587.074 Thread 0x000001a289121800 Exception <a 'sun/nio/fs/WindowsException'> (0x00000000d6e6e288) thrown at [C:\jenkins\workspace\8-2-build-windows-amd64-cygwin\jdk8u271\605\hotspot\src\share\vm\prims\jni.cpp, line 710]
Event: 4587.099 Thread 0x000001a28911c800 Exception <a 'sun/nio/fs/WindowsException'> (0x00000000d5a56850) thrown at [C:\jenkins\workspace\8-2-build-windows-amd64-cygwin\jdk8u271\605\hotspot\src\share\vm\prims\jni.cpp, line 710]
Event: 4587.108 Thread 0x000001a289120000 Exception <a 'sun/nio/fs/WindowsException'> (0x00000000d91a1508) thrown at [C:\jenkins\workspace\8-2-build-windows-amd64-cygwin\jdk8u271\605\hotspot\src\share\vm\prims\jni.cpp, line 710]
Event: 4587.114 Thread 0x000001a289121000 Exception <a 'sun/nio/fs/WindowsException'> (0x00000000d967e668) thrown at [C:\jenkins\workspace\8-2-build-windows-amd64-cygwin\jdk8u271\605\hotspot\src\share\vm\prims\jni.cpp, line 710]

Events (10 events):
Event: 4587.140 Thread 0x000001a289121800 DEOPT PACKING pc=0x000001a2f02939e1 sp=0x00000004401f9d30
Event: 4587.140 Thread 0x000001a289121800 DEOPT UNPACKING pc=0x000001a2eb5c7498 sp=0x00000004401f9ba8 mode 0
Event: 4587.149 Thread 0x000001a28911c800 DEOPT PACKING pc=0x000001a2f02939e1 sp=0x00000004405f9c10
Event: 4587.149 Thread 0x000001a28911c800 DEOPT UNPACKING pc=0x000001a2eb5c7498 sp=0x00000004405f9a88 mode 0
Event: 4587.150 Thread 0x000001a289120000 DEOPT PACKING pc=0x000001a2ec026507 sp=0x00000004403f9860
Event: 4587.150 Thread 0x000001a289120000 DEOPT UNPACKING pc=0x000001a2eb5c7498 sp=0x00000004403f95f8 mode 0
Event: 4587.154 Thread 0x000001a28911c800 DEOPT PACKING pc=0x000001a2eed51e97 sp=0x00000004405fa4a0
Event: 4587.154 Thread 0x000001a28911c800 DEOPT UNPACKING pc=0x000001a2eb5c7498 sp=0x00000004405fa210 mode 0
Event: 4587.155 Thread 0x000001a289121800 DEOPT PACKING pc=0x000001a2f02939e1 sp=0x00000004401f9bb0
Event: 4587.155 Thread 0x000001a289121800 DEOPT UNPACKING pc=0x000001a2eb5c7498 sp=0x00000004401f9a28 mode 0


Dynamic libraries:
0x00007ff75c4e0000 - 0x00007ff75c527000 	C:\Program Files\Java\jdk1.8.0_271\bin\java.exe
0x00007ff93d020000 - 0x00007ff93d210000 	C:\Windows\SYSTEM32\ntdll.dll
0x00007ff93c9a0000 - 0x00007ff93ca52000 	C:\Windows\System32\KERNEL32.DLL
0x00007ff93ac20000 - 0x00007ff93aec5000 	C:\Windows\System32\KERNELBASE.dll
0x00007ff93cb70000 - 0x00007ff93cc13000 	C:\Windows\System32\ADVAPI32.dll
0x00007ff93b8f0000 - 0x00007ff93b98e000 	C:\Windows\System32\msvcrt.dll
0x00007ff93c090000 - 0x00007ff93c127000 	C:\Windows\System32\sechost.dll
0x00007ff93b0e0000 - 0x00007ff93b1ff000 	C:\Windows\System32\RPCRT4.dll
0x00007ff93c650000 - 0x00007ff93c7e4000 	C:\Windows\System32\USER32.dll
0x00007ff93ab40000 - 0x00007ff93ab61000 	C:\Windows\System32\win32u.dll
0x00007ff93cb40000 - 0x00007ff93cb66000 	C:\Windows\System32\GDI32.dll
0x00007ff93a740000 - 0x00007ff93a8d8000 	C:\Windows\System32\gdi32full.dll
0x00007ff93afd0000 - 0x00007ff93b06e000 	C:\Windows\System32\msvcp_win.dll
0x00007ff93aed0000 - 0x00007ff93afca000 	C:\Windows\System32\ucrtbase.dll
0x00007ff921440000 - 0x00007ff9216c4000 	C:\Windows\WinSxS\amd64_microsoft.windows.common-controls_6595b64144ccf1df_6.0.18362.1440_none_9e7dbfb9e45e8e67\COMCTL32.dll
0x00007ff93bc80000 - 0x00007ff93bfb6000 	C:\Windows\System32\combase.dll
0x00007ff93aab0000 - 0x00007ff93ab31000 	C:\Windows\System32\bcryptPrimitives.dll
0x00007ff93ca60000 - 0x00007ff93ca8e000 	C:\Windows\System32\IMM32.DLL
0x00007ff922590000 - 0x00007ff9225a5000 	C:\Program Files\Java\jdk1.8.0_271\jre\bin\vcruntime140.dll
0x00007ff9192c0000 - 0x00007ff91935b000 	C:\Program Files\Java\jdk1.8.0_271\jre\bin\msvcp140.dll
0x0000000069240000 - 0x0000000069aaf000 	C:\Program Files\Java\jdk1.8.0_271\jre\bin\server\jvm.dll
0x00007ff93ba00000 - 0x00007ff93ba08000 	C:\Windows\System32\PSAPI.DLL
0x00007ff931640000 - 0x00007ff931649000 	C:\Windows\SYSTEM32\WSOCK32.dll
0x00007ff933750000 - 0x00007ff93375a000 	C:\Windows\SYSTEM32\VERSION.dll
0x00007ff937a40000 - 0x00007ff937a64000 	C:\Windows\SYSTEM32\WINMM.dll
0x00007ff93bfc0000 - 0x00007ff93c02f000 	C:\Windows\System32\WS2_32.dll
0x00007ff937910000 - 0x00007ff93793d000 	C:\Windows\SYSTEM32\WINMMBASE.dll
0x00007ff93a900000 - 0x00007ff93a94a000 	C:\Windows\System32\cfgmgr32.dll
0x00007ff939f50000 - 0x00007ff939f61000 	C:\Windows\System32\kernel.appcore.dll
0x00007ff933b80000 - 0x00007ff933b90000 	C:\Program Files\Java\jdk1.8.0_271\jre\bin\verify.dll
0x00007ff920950000 - 0x00007ff92097b000 	C:\Program Files\Java\jdk1.8.0_271\jre\bin\java.dll
0x00007ff920b50000 - 0x00007ff920b68000 	C:\Program Files\Java\jdk1.8.0_271\jre\bin\zip.dll
0x00007ff93b200000 - 0x00007ff93b8e8000 	C:\Windows\System32\SHELL32.dll
0x00007ff93ca90000 - 0x00007ff93cb37000 	C:\Windows\System32\shcore.dll
0x00007ff939f90000 - 0x00007ff93a70b000 	C:\Windows\System32\windows.storage.dll
0x00007ff939ee0000 - 0x00007ff939efe000 	C:\Windows\System32\profapi.dll
0x00007ff939f00000 - 0x00007ff939f4a000 	C:\Windows\System32\powrprof.dll
0x00007ff939ed0000 - 0x00007ff939ee0000 	C:\Windows\System32\UMPDC.dll
0x00007ff93bb70000 - 0x00007ff93bbc2000 	C:\Windows\System32\shlwapi.dll
0x00007ff93a8e0000 - 0x00007ff93a8f7000 	C:\Windows\System32\cryptsp.dll
0x00007ff933ba0000 - 0x00007ff933bbc000 	C:\Program Files\Java\jdk1.8.0_271\jre\bin\net.dll
0x00007ff9396b0000 - 0x00007ff939717000 	C:\Windows\system32\mswsock.dll
0x00007ff920770000 - 0x00007ff920783000 	C:\Program Files\Java\jdk1.8.0_271\jre\bin\nio.dll
0x00007ff923820000 - 0x00007ff923847000 	D:\gradle\gradle-6.6-all\gradle-6.6\gradle-6.6\bin\native\f6784746aeab05261644944871eae4fe03e0ef1612fff0a4a95f87b438bc6780\windows-amd64\native-platform.dll
0x00007ff934520000 - 0x00007ff93452d000 	C:\Program Files\Java\jdk1.8.0_271\jre\bin\management.dll
0x00007ff939230000 - 0x00007ff939263000 	C:\Windows\system32\rsaenh.dll
0x00007ff93a710000 - 0x00007ff93a736000 	C:\Windows\System32\bcrypt.dll
0x00007ff939db0000 - 0x00007ff939dd5000 	C:\Windows\SYSTEM32\USERENV.dll
0x00007ff939880000 - 0x00007ff93988c000 	C:\Windows\SYSTEM32\CRYPTBASE.dll
0x00007ff9393c0000 - 0x00007ff9393fa000 	C:\Windows\SYSTEM32\IPHLPAPI.DLL
0x00007ff93b0d0000 - 0x00007ff93b0d8000 	C:\Windows\System32\NSI.dll
0x00007ff937d50000 - 0x00007ff937d66000 	C:\Windows\SYSTEM32\dhcpcsvc6.DLL
0x00007ff937d10000 - 0x00007ff937d2c000 	C:\Windows\SYSTEM32\dhcpcsvc.DLL
0x00007ff939400000 - 0x00007ff9394cb000 	C:\Windows\SYSTEM32\DNSAPI.dll
0x00007ff935a40000 - 0x00007ff935a4b000 	C:\Windows\SYSTEM32\WINNSI.DLL
0x00007ff938f10000 - 0x00007ff938f41000 	C:\Windows\SYSTEM32\ntmarta.dll
0x00007ff91eea0000 - 0x00007ff91eec4000 	C:\Program Files\Java\jdk1.8.0_271\jre\bin\sunec.dll
0x00007ff931e10000 - 0x00007ff931e1a000 	C:\Windows\System32\rasadhlp.dll
0x00007ff935860000 - 0x00007ff9358d7000 	C:\Windows\System32\fwpuclnt.dll
0x00007ff933c10000 - 0x00007ff933c1d000 	C:\Program Files\Java\jdk1.8.0_271\jre\bin\sunmscapi.dll
0x00007ff93a950000 - 0x00007ff93aaa1000 	C:\Windows\System32\CRYPT32.dll
0x00007ff939f70000 - 0x00007ff939f82000 	C:\Windows\System32\MSASN1.dll
0x00007ff939980000 - 0x00007ff9399a6000 	C:\Windows\SYSTEM32\ncrypt.dll
0x00007ff939940000 - 0x00007ff93997b000 	C:\Windows\SYSTEM32\NTASN1.dll
0x00007ff937bb0000 - 0x00007ff937c3f000 	C:\Windows\system32\apphelp.dll
0x00007ff9386f0000 - 0x00007ff9388e4000 	C:\Windows\SYSTEM32\dbghelp.dll

VM Arguments:
jvm_args: -Xmx2048m -Dfile.encoding=UTF-8 -Duser.country=CN -Duser.language=zh -Duser.variant 
java_command: org.gradle.launcher.daemon.bootstrap.GradleDaemon 6.5
java_class_path (initial): D:\gradle\gradle-6.6-all\gradle-6.6\gradle-6.6\bin\wrapper\dists\gradle-6.5-bin\6nifqtx7604sqp1q6g8wikw7p\gradle-6.5\lib\gradle-launcher-6.5.jar
Launcher Type: SUN_STANDARD

Environment Variables:
JAVA_HOME=C:\Program Files\Java\jdk1.8.0_271
CLASSPATH=.;C:\Program Files\Java\jdk1.8.0_271\lib\dt.jar;C:\Program Files\Java\jdk1.8.0_271\lib\tools.jar; 
PATH=C:\Program Files (x86)\Common Files\Oracle\Java\javapath;C:\Windows\system32;C:\Windows;C:\Windows\System32\Wbem;C:\Windows\System32\WindowsPowerShell\v1.0\;C:\Windows\System32\OpenSSH\;D:\install_package\Git\cmd;"C:\Program Files\Java\jdk1.8.0_271\bin;C:\Program Files\Java\jdk1.8.0_271\jre\bin;";C:\Users\HP\AppData\Local\Microsoft\WindowsApps;
USERNAME=HP
OS=Windows_NT
PROCESSOR_IDENTIFIER=AMD64 Family 23 Model 96 Stepping 1, AuthenticAMD



---------------  S Y S T E M  ---------------

OS: Windows 10.0 , 64 bit Build 18362 (10.0.18362.1350)

CPU:total 8 (initial active 8) (8 cores per cpu, 1 threads per core) family 23 model 96 stepping 1, cmov, cx8, fxsr, mmx, sse, sse2, sse3, ssse3, sse4.1, sse4.2, popcnt, avx, avx2, aes, clmul, mmxext, 3dnowpref, lzcnt, sse4a, tsc, tscinvbit, tscinv, bmi1

Memory: 4k page, physical 16151864k(2317568k free), swap 31880628k(5900k free)

vm_info: Java HotSpot(TM) 64-Bit Server VM (25.271-b09) for windows-amd64 JRE (1.8.0_271-b09), built on Sep 16 2020 19:14:59 by "" with MS VC++ 15.9 (VS2017)

time: Mon Apr 12 14:53:26 2021
timezone: ?D1¨²¡À¨º¡Á?¨º¡À??
elapsed time: 4587.193732 seconds (0d 1h 16m 27s)

