#
# There is insufficient memory for the Java Runtime Environment to continue.
# Native memory allocation (malloc) failed to allocate 1057936 bytes for Chunk::new
# Possible reasons:
#   The system is out of physical RAM or swap space
#   The process is running with CompressedOops enabled, and the Java Heap may be blocking the growth of the native heap
# Possible solutions:
#   Reduce memory load on the system
#   Increase physical memory or swap space
#   Check if swap backing store is full
#   Decrease Java heap size (-Xmx/-Xms)
#   Decrease number of Java threads
#   Decrease Java thread stack sizes (-Xss)
#   Set larger code cache with -XX:ReservedCodeCacheSize=
#   JVM is running with Unscaled Compressed Oops mode in which the Java heap is
#     placed in the first 4GB address space. The Java Heap base address is the
#     maximum limit for the native heap growth. Please use -XX:HeapBaseMinAddress
#     to set the Java Heap base and to place the Java Heap above 4GB virtual address.
# This output file may be truncated or incomplete.
#
#  Out of Memory Error (allocation.cpp:389), pid=13920, tid=0x00000000000001c4
#
# JRE version: Java(TM) SE Runtime Environment (8.0_271-b09) (build 1.8.0_271-b09)
# Java VM: Java HotSpot(TM) 64-Bit Server VM (25.271-b09 mixed mode windows-amd64 compressed oops)
# Failed to write core dump. Minidumps are not enabled by default on client versions of Windows
#

---------------  T H R E A D  ---------------

Current thread (0x0000024e4c56a000):  JavaThread "C2 CompilerThread1" daemon [_thread_in_native, id=452, stack(0x000000a789e00000,0x000000a789f00000)]

Stack: [0x000000a789e00000,0x000000a789f00000]
Native frames: (J=compiled Java code, j=interpreted, Vv=VM code, C=native code)
V  [jvm.dll+0x33f6c9]
V  [jvm.dll+0x286122]
V  [jvm.dll+0x286dcd]
V  [jvm.dll+0x27d805]
V  [jvm.dll+0xe574c]
V  [jvm.dll+0xe5f4c]
V  [jvm.dll+0x480043]
V  [jvm.dll+0x447de8]
V  [jvm.dll+0x450c25]
V  [jvm.dll+0x44ffe5]
V  [jvm.dll+0x43aef7]
V  [jvm.dll+0xbc3eb]
V  [jvm.dll+0xbaa4b]
V  [jvm.dll+0x24e7c2]
V  [jvm.dll+0x2a2dcc]
C  [ucrtbase.dll+0x210b2]
C  [KERNEL32.DLL+0x17c24]
C  [ntdll.dll+0x6d721]


Current CompileTask:
C2: 140731 23113       4       org.codehaus.groovy.reflection.CachedMethod::compareTo (25 bytes)


---------------  P R O C E S S  ---------------

Java Threads: ( => current thread )
  0x0000024e4e57a800 JavaThread "stdout" [_thread_in_native, id=16168, stack(0x000000a793c00000,0x000000a793d00000)]
  0x0000024e4e581800 JavaThread "stderr" [_thread_in_native, id=232, stack(0x000000a793b00000,0x000000a793c00000)]
  0x0000024e4e57e800 JavaThread "stdout" [_thread_in_native, id=13840, stack(0x000000a793a00000,0x000000a793b00000)]
  0x0000024e4e57d800 JavaThread "stderr" [_thread_in_native, id=10660, stack(0x000000a793900000,0x000000a793a00000)]
  0x0000024e4e579800 JavaThread "stdout" [_thread_in_native, id=9496, stack(0x000000a793800000,0x000000a793900000)]
  0x0000024e4e57d000 JavaThread "stderr" [_thread_in_native, id=17388, stack(0x000000a793700000,0x000000a793800000)]
  0x0000024e520c5000 JavaThread "stdout" [_thread_in_native, id=7288, stack(0x000000a793600000,0x000000a793700000)]
  0x0000024e520c3800 JavaThread "stderr" [_thread_in_native, id=7776, stack(0x000000a793500000,0x000000a793600000)]
  0x0000024e520c2800 JavaThread "stdout" [_thread_in_native, id=18600, stack(0x000000a793400000,0x000000a793500000)]
  0x0000024e520c5800 JavaThread "stderr" [_thread_in_native, id=16084, stack(0x000000a793300000,0x000000a793400000)]
  0x0000024e520c4000 JavaThread "stdout" [_thread_in_native, id=7496, stack(0x000000a793200000,0x000000a793300000)]
  0x0000024e520c6800 JavaThread "stderr" [_thread_in_native, id=10148, stack(0x000000a793100000,0x000000a793200000)]
  0x0000024e520bb000 JavaThread "stdout" [_thread_in_native, id=11472, stack(0x000000a793000000,0x000000a793100000)]
  0x0000024e520c2000 JavaThread "stderr" [_thread_in_native, id=18844, stack(0x000000a792f00000,0x000000a793000000)]
  0x0000024e520ba800 JavaThread "stdout" [_thread_in_native, id=17652, stack(0x000000a792e00000,0x000000a792f00000)]
  0x0000024e520c1000 JavaThread "stderr" [_thread_in_native, id=6364, stack(0x000000a792b00000,0x000000a792c00000)]
  0x0000024e520b9800 JavaThread "pool-7-thread-1" [_thread_blocked, id=10744, stack(0x000000a792a00000,0x000000a792b00000)]
  0x0000024e5d088800 JavaThread "WorkerExecutor Queue Thread 3" [_thread_blocked, id=6064, stack(0x000000a792400000,0x000000a792500000)]
  0x0000024e5d085800 JavaThread "Cache worker for execution history cache (D:\workplace\test\test1_\ServiceDemo\.gradle\6.5\executionHistory)" [_thread_blocked, id=3420, stack(0x000000a792100000,0x000000a792200000)]
  0x0000024e5d085000 JavaThread "Execution worker for ':' Thread 7" [_thread_blocked, id=13560, stack(0x000000a792000000,0x000000a792100000)]
  0x0000024e5d086800 JavaThread "Execution worker for ':' Thread 6" [_thread_blocked, id=8576, stack(0x000000a791f00000,0x000000a792000000)]
  0x0000024e5d084000 JavaThread "Execution worker for ':' Thread 5" [_thread_blocked, id=5416, stack(0x000000a791e00000,0x000000a791f00000)]
  0x0000024e5d080800 JavaThread "Execution worker for ':' Thread 4" [_thread_in_native, id=11792, stack(0x000000a791c00000,0x000000a791d00000)]
  0x0000024e5d07f000 JavaThread "Execution worker for ':' Thread 3" [_thread_blocked, id=7908, stack(0x000000a791b00000,0x000000a791c00000)]
  0x0000024e5d07d800 JavaThread "Execution worker for ':' Thread 2" [_thread_blocked, id=17020, stack(0x000000a791a00000,0x000000a791b00000)]
  0x0000024e5d081000 JavaThread "Execution worker for ':'" [_thread_blocked, id=7556, stack(0x000000a791900000,0x000000a791a00000)]
  0x0000024e5d082800 JavaThread "Cache worker for file content cache (D:\workplace\test\test1_\ServiceDemo\.gradle\6.5\fileContent)" [_thread_blocked, id=16360, stack(0x000000a78ba00000,0x000000a78bb00000)]
  0x0000024e5d07f800 JavaThread "Cache worker for Build Output Cleanup Cache (D:\workplace\test\test1_\ServiceDemo\.gradle\buildOutputCleanup)" [_thread_blocked, id=8572, stack(0x000000a78b900000,0x000000a78ba00000)]
  0x0000024e5d082000 JavaThread "Build operations Thread 8" [_thread_blocked, id=11584, stack(0x000000a78b800000,0x000000a78b900000)]
  0x0000024e5d083800 JavaThread "Build operations Thread 7" [_thread_blocked, id=18148, stack(0x000000a78b700000,0x000000a78b800000)]
  0x0000024e5d075800 JavaThread "Build operations Thread 6" [_thread_blocked, id=13104, stack(0x000000a78b600000,0x000000a78b700000)]
  0x0000024e5d078000 JavaThread "Build operations Thread 5" [_thread_blocked, id=16620, stack(0x000000a78b500000,0x000000a78b600000)]
  0x0000024e5d07c800 JavaThread "Build operations Thread 4" [_thread_blocked, id=8608, stack(0x000000a78b400000,0x000000a78b500000)]
  0x0000024e5d076800 JavaThread "Build operations Thread 3" [_thread_blocked, id=17132, stack(0x000000a78b300000,0x000000a78b400000)]
  0x0000024e5d07b000 JavaThread "Build operations Thread 2" [_thread_blocked, id=17476, stack(0x000000a78b200000,0x000000a78b300000)]
  0x0000024e5d079800 JavaThread "Build operations" [_thread_blocked, id=8124, stack(0x000000a78ae00000,0x000000a78af00000)]
  0x0000024e5d077000 JavaThread "Cache worker for cache directory md-rule (D:\gradle\gradle-6.6-all\gradle-6.6\gradle-6.6\bin\caches\6.5\md-rule)" [_thread_blocked, id=12392, stack(0x000000a78ad00000,0x000000a78ae00000)]
  0x0000024e5d075000 JavaThread "Cache worker for cache directory md-supplier (D:\gradle\gradle-6.6-all\gradle-6.6\gradle-6.6\bin\caches\6.5\md-supplier)" [_thread_blocked, id=840, stack(0x000000a78ac00000,0x000000a78ad00000)]
  0x0000024e5d07c000 JavaThread "Cache worker for checksums cache (D:\workplace\test\test1_\ServiceDemo\.gradle\checksums)" [_thread_blocked, id=2104, stack(0x000000a78ab00000,0x000000a78ac00000)]
  0x0000024e5d078800 JavaThread "Cache worker for file hash cache (D:\workplace\test\test1_\ServiceDemo\.gradle\6.5\fileHashes)" [_thread_blocked, id=2668, stack(0x000000a78aa00000,0x000000a78ab00000)]
  0x0000024e5d06b000 JavaThread "Thread-262" [_thread_blocked, id=15756, stack(0x000000a78a900000,0x000000a78aa00000)]
  0x0000024e5d06a800 JavaThread "Stdin handler" [_thread_blocked, id=15616, stack(0x000000a78a500000,0x000000a78a600000)]
  0x0000024e5d06f800 JavaThread "Asynchronous log dispatcher for DefaultDaemonConnection: socket connection from /127.0.0.1:59683 to /127.0.0.1:59931" [_thread_blocked, id=11564, stack(0x000000a78a400000,0x000000a78a500000)]
  0x0000024e5d06f000 JavaThread "Cancel handler" [_thread_blocked, id=19008, stack(0x000000a788e00000,0x000000a788f00000)]
  0x0000024e5d06c800 JavaThread "Handler for socket connection from /127.0.0.1:59683 to /127.0.0.1:59931" [_thread_in_native, id=6352, stack(0x000000a788d00000,0x000000a788e00000)]
  0x0000024e5d074000 JavaThread "ForkJoinPool.commonPool-worker-7" daemon [_thread_blocked, id=9008, stack(0x000000a794300000,0x000000a794400000)]
  0x0000024e5d06d800 JavaThread "ForkJoinPool.commonPool-worker-5" daemon [_thread_blocked, id=18136, stack(0x000000a794100000,0x000000a794200000)]
  0x0000024e5d072000 JavaThread "ForkJoinPool.commonPool-worker-4" daemon [_thread_blocked, id=1672, stack(0x000000a794000000,0x000000a794100000)]
  0x0000024e4e584800 JavaThread "Java2D Disposer" daemon [_thread_blocked, id=13468, stack(0x000000a792d00000,0x000000a792e00000)]
  0x0000024e4fb74000 JavaThread "jar transforms Thread 184" [_thread_blocked, id=5664, stack(0x000000a791800000,0x000000a791900000)]
  0x0000024e4fb6a000 JavaThread "jar transforms Thread 183" [_thread_blocked, id=4196, stack(0x000000a791700000,0x000000a791800000)]
  0x0000024e4fb71000 JavaThread "jar transforms Thread 182" [_thread_blocked, id=9708, stack(0x000000a791600000,0x000000a791700000)]
  0x0000024e4fb6f800 JavaThread "jar transforms Thread 181" [_thread_blocked, id=8460, stack(0x000000a791500000,0x000000a791600000)]
  0x0000024e4fb6e000 JavaThread "jar transforms Thread 180" [_thread_blocked, id=14016, stack(0x000000a791400000,0x000000a791500000)]
  0x0000024e4fb70000 JavaThread "jar transforms Thread 179" [_thread_blocked, id=11188, stack(0x000000a791300000,0x000000a791400000)]
  0x0000024e4fb6c800 JavaThread "jar transforms Thread 178" [_thread_blocked, id=1368, stack(0x000000a791200000,0x000000a791300000)]
  0x0000024e4fb6d000 JavaThread "jar transforms Thread 177" [_thread_blocked, id=1480, stack(0x000000a791100000,0x000000a791200000)]
  0x0000024e4fb6e800 JavaThread "jar transforms Thread 176" [_thread_blocked, id=5296, stack(0x000000a791000000,0x000000a791100000)]
  0x0000024e4fb6b800 JavaThread "jar transforms Thread 175" [_thread_blocked, id=4192, stack(0x000000a790f00000,0x000000a791000000)]
  0x0000024e4fb6b000 JavaThread "jar transforms Thread 174" [_thread_blocked, id=6468, stack(0x000000a790e00000,0x000000a790f00000)]
  0x0000024e4fb69800 JavaThread "jar transforms Thread 173" [_thread_blocked, id=12984, stack(0x000000a790d00000,0x000000a790e00000)]
  0x0000024e53dfb800 JavaThread "jar transforms Thread 172" [_thread_blocked, id=13516, stack(0x000000a790c00000,0x000000a790d00000)]
  0x0000024e53df9800 JavaThread "jar transforms Thread 171" [_thread_blocked, id=17788, stack(0x000000a790b00000,0x000000a790c00000)]
  0x0000024e53df8800 JavaThread "jar transforms Thread 170" [_thread_blocked, id=10856, stack(0x000000a790a00000,0x000000a790b00000)]
  0x0000024e53dfe800 JavaThread "jar transforms Thread 169" [_thread_blocked, id=16932, stack(0x000000a790900000,0x000000a790a00000)]
  0x0000024e53dfe000 JavaThread "jar transforms Thread 168" [_thread_blocked, id=8520, stack(0x000000a790800000,0x000000a790900000)]
  0x0000024e53dff800 JavaThread "jar transforms Thread 167" [_thread_blocked, id=3916, stack(0x000000a790700000,0x000000a790800000)]
  0x0000024e53dfb000 JavaThread "jar transforms Thread 166" [_thread_blocked, id=13476, stack(0x000000a790600000,0x000000a790700000)]
  0x0000024e53df8000 JavaThread "jar transforms Thread 165" [_thread_blocked, id=19440, stack(0x000000a790500000,0x000000a790600000)]
  0x0000024e53dfd000 JavaThread "jar transforms Thread 164" [_thread_blocked, id=14432, stack(0x000000a790400000,0x000000a790500000)]
  0x0000024e53dfc800 JavaThread "jar transforms Thread 163" [_thread_blocked, id=18848, stack(0x000000a790300000,0x000000a790400000)]
  0x0000024e53dfa000 JavaThread "jar transforms Thread 162" [_thread_blocked, id=14516, stack(0x000000a790200000,0x000000a790300000)]
  0x0000024e53df0800 JavaThread "jar transforms Thread 161" [_thread_blocked, id=4308, stack(0x000000a790100000,0x000000a790200000)]
  0x0000024e53df3800 JavaThread "jar transforms Thread 160" [_thread_blocked, id=11292, stack(0x000000a790000000,0x000000a790100000)]
  0x0000024e53df1000 JavaThread "jar transforms Thread 159" [_thread_blocked, id=5760, stack(0x000000a78ff00000,0x000000a790000000)]
  0x0000024e53df5800 JavaThread "jar transforms Thread 158" [_thread_blocked, id=14820, stack(0x000000a78fe00000,0x000000a78ff00000)]
  0x0000024e53df7000 JavaThread "jar transforms Thread 157" [_thread_blocked, id=14768, stack(0x000000a78fd00000,0x000000a78fe00000)]
  0x0000024e53df2000 JavaThread "jar transforms Thread 156" [_thread_blocked, id=8612, stack(0x000000a78fc00000,0x000000a78fd00000)]
  0x0000024e53df5000 JavaThread "jar transforms Thread 155" [_thread_blocked, id=3552, stack(0x000000a78fb00000,0x000000a78fc00000)]
  0x0000024e53df2800 JavaThread "jar transforms Thread 154" [_thread_blocked, id=13020, stack(0x000000a78fa00000,0x000000a78fb00000)]
  0x0000024e53df4000 JavaThread "jar transforms Thread 153" [_thread_blocked, id=16424, stack(0x000000a78f900000,0x000000a78fa00000)]
  0x0000024e53df6800 JavaThread "jar transforms Thread 152" [_thread_blocked, id=18808, stack(0x000000a78f800000,0x000000a78f900000)]
  0x0000024e4e1df800 JavaThread "jar transforms Thread 151" [_thread_blocked, id=16504, stack(0x000000a78f700000,0x000000a78f800000)]
  0x0000024e4e1df000 JavaThread "jar transforms Thread 150" [_thread_blocked, id=7232, stack(0x000000a78f600000,0x000000a78f700000)]
  0x0000024e4e1de000 JavaThread "jar transforms Thread 149" [_thread_blocked, id=9568, stack(0x000000a78f500000,0x000000a78f600000)]
  0x0000024e4e1dd800 JavaThread "jar transforms Thread 148" [_thread_blocked, id=100, stack(0x000000a78f400000,0x000000a78f500000)]
  0x0000024e4e1d6000 JavaThread "jar transforms Thread 147" [_thread_blocked, id=13776, stack(0x000000a78f300000,0x000000a78f400000)]
  0x0000024e4e1dc000 JavaThread "jar transforms Thread 146" [_thread_blocked, id=10580, stack(0x000000a78f200000,0x000000a78f300000)]
  0x0000024e4e1dc800 JavaThread "jar transforms Thread 145" [_thread_blocked, id=5548, stack(0x000000a78f100000,0x000000a78f200000)]
  0x0000024e4e1db000 JavaThread "jar transforms Thread 144" [_thread_blocked, id=14856, stack(0x000000a78f000000,0x000000a78f100000)]
  0x0000024e4e1d3800 JavaThread "jar transforms Thread 143" [_thread_blocked, id=17704, stack(0x000000a78ef00000,0x000000a78f000000)]
  0x0000024e4e1da800 JavaThread "jar transforms Thread 142" [_thread_blocked, id=14500, stack(0x000000a78ee00000,0x000000a78ef00000)]
  0x0000024e4e1d4800 JavaThread "jar transforms Thread 141" [_thread_blocked, id=12040, stack(0x000000a78ed00000,0x000000a78ee00000)]
  0x0000024e4e1d9800 JavaThread "jar transforms Thread 140" [_thread_blocked, id=18384, stack(0x000000a78ec00000,0x000000a78ed00000)]
  0x0000024e4e1d5000 JavaThread "jar transforms Thread 139" [_thread_blocked, id=12660, stack(0x000000a78eb00000,0x000000a78ec00000)]
  0x0000024e4e1d2000 JavaThread "jar transforms Thread 138" [_thread_blocked, id=8100, stack(0x000000a78ea00000,0x000000a78eb00000)]
  0x0000024e4e1d9000 JavaThread "jar transforms Thread 137" [_thread_blocked, id=18704, stack(0x000000a78e900000,0x000000a78ea00000)]
  0x0000024e4e1d8000 JavaThread "jar transforms Thread 136" [_thread_blocked, id=17416, stack(0x000000a78e800000,0x000000a78e900000)]
  0x0000024e4e1d0800 JavaThread "jar transforms Thread 135" [_thread_blocked, id=14388, stack(0x000000a78e700000,0x000000a78e800000)]
  0x0000024e4e1d7800 JavaThread "jar transforms Thread 134" [_thread_blocked, id=2084, stack(0x000000a78e600000,0x000000a78e700000)]
  0x0000024e4e1d3000 JavaThread "jar transforms Thread 133" [_thread_blocked, id=17720, stack(0x000000a78e500000,0x000000a78e600000)]
  0x0000024e4e1d1800 JavaThread "jar transforms Thread 132" [_thread_blocked, id=6324, stack(0x000000a78e400000,0x000000a78e500000)]
  0x0000024e4e1d6800 JavaThread "jar transforms Thread 131" [_thread_blocked, id=11320, stack(0x000000a78e300000,0x000000a78e400000)]
  0x0000024e4f6f4000 JavaThread "jar transforms Thread 130" [_thread_blocked, id=15028, stack(0x000000a78e200000,0x000000a78e300000)]
  0x0000024e4f6f1000 JavaThread "jar transforms Thread 129" [_thread_blocked, id=16944, stack(0x000000a78e100000,0x000000a78e200000)]
  0x0000024e4f6f8000 JavaThread "jar transforms Thread 128" [_thread_blocked, id=17112, stack(0x000000a78e000000,0x000000a78e100000)]
  0x0000024e4f6f6800 JavaThread "jar transforms Thread 127" [_thread_blocked, id=308, stack(0x000000a78df00000,0x000000a78e000000)]
  0x0000024e4f6f3800 JavaThread "jar transforms Thread 126" [_thread_blocked, id=12664, stack(0x000000a78de00000,0x000000a78df00000)]
  0x0000024e4f6f5000 JavaThread "jar transforms Thread 125" [_thread_blocked, id=16732, stack(0x000000a78dd00000,0x000000a78de00000)]
  0x0000024e4f6f2800 JavaThread "jar transforms Thread 124" [_thread_blocked, id=7440, stack(0x000000a78dc00000,0x000000a78dd00000)]
  0x0000024e54439800 JavaThread "jar transforms Thread 123" [_thread_blocked, id=13892, stack(0x000000a78db00000,0x000000a78dc00000)]
  0x0000024e54438800 JavaThread "jar transforms Thread 122" [_thread_blocked, id=19280, stack(0x000000a78da00000,0x000000a78db00000)]
  0x0000024e54438000 JavaThread "jar transforms Thread 121" [_thread_blocked, id=17140, stack(0x000000a78d900000,0x000000a78da00000)]
  0x0000024e54435800 JavaThread "jar transforms Thread 120" [_thread_blocked, id=18876, stack(0x000000a78d800000,0x000000a78d900000)]
  0x0000024e54431800 JavaThread "jar transforms Thread 119" [_thread_blocked, id=4004, stack(0x000000a78d700000,0x000000a78d800000)]
  0x0000024e54434000 JavaThread "jar transforms Thread 118" [_thread_blocked, id=952, stack(0x000000a78d600000,0x000000a78d700000)]
  0x0000024e54433000 JavaThread "jar transforms Thread 117" [_thread_blocked, id=12824, stack(0x000000a78d500000,0x000000a78d600000)]
  0x0000024e54437000 JavaThread "jar transforms Thread 116" [_thread_blocked, id=2532, stack(0x000000a78d400000,0x000000a78d500000)]
  0x0000024e54432800 JavaThread "jar transforms Thread 115" [_thread_blocked, id=15956, stack(0x000000a78d300000,0x000000a78d400000)]
  0x0000024e54435000 JavaThread "jar transforms Thread 114" [_thread_blocked, id=13668, stack(0x000000a78d200000,0x000000a78d300000)]
  0x0000024e54436800 JavaThread "jar transforms Thread 113" [_thread_blocked, id=16752, stack(0x000000a78d100000,0x000000a78d200000)]
  0x0000024e5442a000 JavaThread "jar transforms Thread 112" [_thread_blocked, id=12512, stack(0x000000a78ce00000,0x000000a78cf00000)]
  0x0000024e54430000 JavaThread "jar transforms Thread 111" [_thread_blocked, id=11640, stack(0x000000a78cd00000,0x000000a78ce00000)]
  0x0000024e5442d000 JavaThread "jar transforms Thread 110" [_thread_blocked, id=9416, stack(0x000000a78cc00000,0x000000a78cd00000)]
  0x0000024e5442b800 JavaThread "jar transforms Thread 109" [_thread_blocked, id=2752, stack(0x000000a78cb00000,0x000000a78cc00000)]
  0x0000024e51bfd800 JavaThread "jar transforms Thread 108" [_thread_blocked, id=13256, stack(0x000000a78ca00000,0x000000a78cb00000)]
  0x0000024e51bfc000 JavaThread "jar transforms Thread 107" [_thread_blocked, id=16292, stack(0x000000a78c900000,0x000000a78ca00000)]
  0x0000024e51bfa800 JavaThread "jar transforms Thread 106" [_thread_blocked, id=12584, stack(0x000000a78c800000,0x000000a78c900000)]
  0x0000024e51bfc800 JavaThread "jar transforms Thread 105" [_thread_blocked, id=3292, stack(0x000000a78c700000,0x000000a78c800000)]
  0x0000024e51c00800 JavaThread "jar transforms Thread 104" [_thread_blocked, id=300, stack(0x000000a78c600000,0x000000a78c700000)]
  0x0000024e51bff800 JavaThread "jar transforms Thread 103" [_thread_blocked, id=16144, stack(0x000000a78c500000,0x000000a78c600000)]
  0x0000024e51bfe000 JavaThread "jar transforms Thread 102" [_thread_blocked, id=12936, stack(0x000000a78c400000,0x000000a78c500000)]
  0x0000024e51bfb000 JavaThread "jar transforms Thread 101" [_thread_blocked, id=7068, stack(0x000000a78c300000,0x000000a78c400000)]
  0x0000024e51bff000 JavaThread "jar transforms Thread 100" [_thread_blocked, id=8892, stack(0x000000a78c200000,0x000000a78c300000)]
  0x0000024e51bf3000 JavaThread "jar transforms Thread 99" [_thread_blocked, id=9848, stack(0x000000a78c100000,0x000000a78c200000)]
  0x0000024e51bf9800 JavaThread "jar transforms Thread 98" [_thread_blocked, id=7508, stack(0x000000a78c000000,0x000000a78c100000)]
  0x0000024e51bf2000 JavaThread "jar transforms Thread 97" [_thread_blocked, id=2484, stack(0x000000a78bf00000,0x000000a78c000000)]
  0x0000024e51bf3800 JavaThread "jar transforms Thread 96" [_thread_blocked, id=18592, stack(0x000000a78be00000,0x000000a78bf00000)]
  0x0000024e51bf9000 JavaThread "jar transforms Thread 95" [_thread_blocked, id=12988, stack(0x000000a78bd00000,0x000000a78be00000)]
  0x0000024e51bf1800 JavaThread "jar transforms Thread 94" [_thread_blocked, id=4388, stack(0x000000a78bc00000,0x000000a78bd00000)]
  0x0000024e51bf6800 JavaThread "jar transforms Thread 93" [_thread_blocked, id=17956, stack(0x000000a78bb00000,0x000000a78bc00000)]
  0x0000024e520bc000 JavaThread "Daemon worker Thread 2" [_thread_blocked, id=18316, stack(0x000000a78a800000,0x000000a78a900000)]
  0x0000024e520b9000 JavaThread "Daemon Thread 2" [_thread_blocked, id=18960, stack(0x000000a788c00000,0x000000a788d00000)]
  0x0000024e5442c800 JavaThread "Memory manager" [_thread_blocked, id=6320, stack(0x000000a791d00000,0x000000a791e00000)]
  0x0000024e51bf8000 JavaThread "Cache worker for file content cache (D:\gradle\gradle-6.6-all\gradle-6.6\gradle-6.6\bin\caches\6.5\fileContent)" [_thread_blocked, id=10296, stack(0x000000a78d000000,0x000000a78d100000)]
  0x0000024e51bf7800 JavaThread "Cache worker for execution history cache (D:\gradle\gradle-6.6-all\gradle-6.6\gradle-6.6\bin\caches\6.5\executionHistory)" [_thread_blocked, id=12808, stack(0x000000a78cf00000,0x000000a78d000000)]
  0x0000024e4f6f2000 JavaThread "Cache worker for file hash cache (D:\gradle\gradle-6.6-all\gradle-6.6\gradle-6.6\bin\caches\6.5\fileHashes)" [_thread_blocked, id=18888, stack(0x000000a78b100000,0x000000a78b200000)]
  0x0000024e4f6f7000 JavaThread "File lock request listener" [_thread_in_native, id=18604, stack(0x000000a78b000000,0x000000a78b100000)]
  0x0000024e4f6f5800 JavaThread "Cache worker for journal cache (D:\gradle\gradle-6.6-all\gradle-6.6\gradle-6.6\bin\caches\journal-1)" [_thread_blocked, id=8220, stack(0x000000a78af00000,0x000000a78b000000)]
  0x0000024e4f61f000 JavaThread "Daemon periodic checks" [_thread_blocked, id=5248, stack(0x000000a78a700000,0x000000a78a800000)]
  0x0000024e4f686000 JavaThread "Incoming local TCP Connector on port 59683" [_thread_in_native, id=17952, stack(0x000000a78a600000,0x000000a78a700000)]
  0x0000024e4f57a800 JavaThread "Daemon health stats" [_thread_blocked, id=776, stack(0x000000a78a300000,0x000000a78a400000)]
  0x0000024e4d81b000 JavaThread "Service Thread" daemon [_thread_blocked, id=16928, stack(0x000000a78a100000,0x000000a78a200000)]
  0x0000024e4c570800 JavaThread "C1 CompilerThread3" daemon [_thread_blocked, id=12376, stack(0x000000a78a000000,0x000000a78a100000)]
  0x0000024e4c56b000 JavaThread "C2 CompilerThread2" daemon [_thread_blocked, id=2540, stack(0x000000a789f00000,0x000000a78a000000)]
=>0x0000024e4c56a000 JavaThread "C2 CompilerThread1" daemon [_thread_in_native, id=452, stack(0x000000a789e00000,0x000000a789f00000)]
  0x0000024e4c568800 JavaThread "C2 CompilerThread0" daemon [_thread_blocked, id=18052, stack(0x000000a789d00000,0x000000a789e00000)]
  0x0000024e4c567800 JavaThread "Attach Listener" daemon [_thread_blocked, id=17940, stack(0x000000a789c00000,0x000000a789d00000)]
  0x0000024e4c4fb800 JavaThread "Signal Dispatcher" daemon [_thread_blocked, id=19128, stack(0x000000a789b00000,0x000000a789c00000)]
  0x0000024e4b8eb800 JavaThread "Finalizer" daemon [_thread_blocked, id=5128, stack(0x000000a789a00000,0x000000a789b00000)]
  0x0000024e4b8e5000 JavaThread "Reference Handler" daemon [_thread_blocked, id=11108, stack(0x000000a789900000,0x000000a789a00000)]
  0x0000024e357a3000 JavaThread "main" [_thread_blocked, id=10188, stack(0x000000a788f00000,0x000000a789000000)]

Other Threads:
  0x0000024e4c4b3800 VMThread [stack: 0x000000a789800000,0x000000a789900000] [id=16420]
  0x0000024e4d82d000 WatcherThread [stack: 0x000000a78a200000,0x000000a78a300000] [id=9076]

VM state:not at safepoint (normal execution)

VM Mutex/Monitor currently owned by a thread: None

heap address: 0x0000000080000000, size: 2048 MB, Compressed Oops mode: 32-bit
Narrow klass base: 0x0000000000000000, Narrow klass shift: 3
Compressed class space size: 1073741824 Address: 0x0000000100000000

Heap:
 PSYoungGen      total 655360K, used 285603K [0x00000000d5580000, 0x0000000100000000, 0x0000000100000000)
  eden space 611840K, 42% used [0x00000000d5580000,0x00000000e5312620,0x00000000fab00000)
  from space 43520K, 59% used [0x00000000fd580000,0x00000000feed6910,0x0000000100000000)
  to   space 43520K, 0% used [0x00000000fab00000,0x00000000fab00000,0x00000000fd580000)
 ParOldGen       total 343552K, used 203797K [0x0000000080000000, 0x0000000094f80000, 0x00000000d5580000)
  object space 343552K, 59% used [0x0000000080000000,0x000000008c7055c8,0x0000000094f80000)
 Metaspace       used 144877K, capacity 152317K, committed 152728K, reserved 1181696K
  class space    used 19126K, capacity 20531K, committed 20648K, reserved 1048576K

Card table byte_map: [0x0000024e46530000,0x0000024e46940000] byte_map_base: 0x0000024e46130000

Marking Bits: (ParMarkBitMap*) 0x0000000069a37fe0
 Begin Bits: [0x0000024e46bf0000, 0x0000024e48bf0000)
 End Bits:   [0x0000024e48bf0000, 0x0000024e4abf0000)

Polling page: 0x0000024e35740000

CodeCache: size=245760Kb used=62334Kb max_used=62555Kb free=183425Kb
 bounds [0x0000024e37170000, 0x0000024e3aee0000, 0x0000024e46170000]
 total_blobs=19810 nmethods=18760 adapters=960
 compilation: enabled

Compilation events (10 events):
Event: 140.687 Thread 0x0000024e4c570800 nmethod 23135 0x0000024e38804f50 code [0x0000024e388050a0, 0x0000024e388051b8]
Event: 140.688 Thread 0x0000024e4c570800 23144       3       sun.security.util.DerValue::<init> (16 bytes)
Event: 140.689 Thread 0x0000024e4c570800 nmethod 23144 0x0000024e38eb1090 code [0x0000024e38eb1200, 0x0000024e38eb1430]
Event: 140.689 Thread 0x0000024e4c56b000 nmethod 23112 0x0000024e3aec9650 code [0x0000024e3aec9ba0, 0x0000024e3aecdbb8]
Event: 140.690 Thread 0x0000024e4c570800 23137       1       sun.security.x509.X509AttributeName::getPrefix (5 bytes)
Event: 140.690 Thread 0x0000024e4c570800 nmethod 23137 0x0000024e37fcf590 code [0x0000024e37fcf6e0, 0x0000024e37fcf7f8]
Event: 140.691 Thread 0x0000024e4c568800 23146       4       java.security.MessageDigest::update (14 bytes)
Event: 140.691 Thread 0x0000024e4c570800 23145   !   3       java.lang.StringCoding::encode (64 bytes)
Event: 140.692 Thread 0x0000024e4c570800 nmethod 23145 0x0000024e38a30050 code [0x0000024e38a302c0, 0x0000024e38a30fd0]
Event: 140.696 Thread 0x0000024e4c568800 nmethod 23146 0x0000024e39714ed0 code [0x0000024e39715040, 0x0000024e39715538]

GC Heap History (10 events):
Event: 114.029 GC heap before
{Heap before GC invocations=28 (full 4):
 PSYoungGen      total 585728K, used 548069K [0x00000000d5580000, 0x00000000ffe80000, 0x0000000100000000)
  eden space 537088K, 100% used [0x00000000d5580000,0x00000000f6200000,0x00000000f6200000)
  from space 48640K, 22% used [0x00000000f6200000,0x00000000f6cb95e8,0x00000000f9180000)
  to   space 47616K, 0% used [0x00000000fd000000,0x00000000fd000000,0x00000000ffe80000)
 ParOldGen       total 343552K, used 169683K [0x0000000080000000, 0x0000000094f80000, 0x00000000d5580000)
  object space 343552K, 49% used [0x0000000080000000,0x000000008a5b4ee8,0x0000000094f80000)
 Metaspace       used 101030K, capacity 106902K, committed 107160K, reserved 1142784K
  class space    used 13686K, capacity 14740K, committed 14760K, reserved 1048576K
Event: 114.044 GC heap after
Heap after GC invocations=28 (full 4):
 PSYoungGen      total 647680K, used 12707K [0x00000000d5580000, 0x00000000ffc00000, 0x0000000100000000)
  eden space 602624K, 0% used [0x00000000d5580000,0x00000000d5580000,0x00000000fa200000)
  from space 45056K, 28% used [0x00000000fd000000,0x00000000fdc68e30,0x00000000ffc00000)
  to   space 46080K, 0% used [0x00000000fa200000,0x00000000fa200000,0x00000000fcf00000)
 ParOldGen       total 343552K, used 178878K [0x0000000080000000, 0x0000000094f80000, 0x00000000d5580000)
  object space 343552K, 52% used [0x0000000080000000,0x000000008aeaf8f8,0x0000000094f80000)
 Metaspace       used 101030K, capacity 106902K, committed 107160K, reserved 1142784K
  class space    used 13686K, capacity 14740K, committed 14760K, reserved 1048576K
}
Event: 115.106 GC heap before
{Heap before GC invocations=29 (full 4):
 PSYoungGen      total 647680K, used 615331K [0x00000000d5580000, 0x00000000ffc00000, 0x0000000100000000)
  eden space 602624K, 100% used [0x00000000d5580000,0x00000000fa200000,0x00000000fa200000)
  from space 45056K, 28% used [0x00000000fd000000,0x00000000fdc68e30,0x00000000ffc00000)
  to   space 46080K, 0% used [0x00000000fa200000,0x00000000fa200000,0x00000000fcf00000)
 ParOldGen       total 343552K, used 178878K [0x0000000080000000, 0x0000000094f80000, 0x00000000d5580000)
  object space 343552K, 52% used [0x0000000080000000,0x000000008aeaf8f8,0x0000000094f80000)
 Metaspace       used 101093K, capacity 106974K, committed 107160K, reserved 1142784K
  class space    used 13687K, capacity 14740K, committed 14760K, reserved 1048576K
Event: 115.124 GC heap after
Heap after GC invocations=29 (full 4):
 PSYoungGen      total 648704K, used 13486K [0x00000000d5580000, 0x00000000ffe00000, 0x0000000100000000)
  eden space 602624K, 0% used [0x00000000d5580000,0x00000000d5580000,0x00000000fa200000)
  from space 46080K, 29% used [0x00000000fa200000,0x00000000faf2b898,0x00000000fcf00000)
  to   space 44544K, 0% used [0x00000000fd280000,0x00000000fd280000,0x00000000ffe00000)
 ParOldGen       total 343552K, used 186352K [0x0000000080000000, 0x0000000094f80000, 0x00000000d5580000)
  object space 343552K, 54% used [0x0000000080000000,0x000000008b5fc1f8,0x0000000094f80000)
 Metaspace       used 101093K, capacity 106974K, committed 107160K, reserved 1142784K
  class space    used 13687K, capacity 14740K, committed 14760K, reserved 1048576K
}
Event: 116.145 GC heap before
{Heap before GC invocations=30 (full 4):
 PSYoungGen      total 648704K, used 616110K [0x00000000d5580000, 0x00000000ffe00000, 0x0000000100000000)
  eden space 602624K, 100% used [0x00000000d5580000,0x00000000fa200000,0x00000000fa200000)
  from space 46080K, 29% used [0x00000000fa200000,0x00000000faf2b898,0x00000000fcf00000)
  to   space 44544K, 0% used [0x00000000fd280000,0x00000000fd280000,0x00000000ffe00000)
 ParOldGen       total 343552K, used 186352K [0x0000000080000000, 0x0000000094f80000, 0x00000000d5580000)
  object space 343552K, 54% used [0x0000000080000000,0x000000008b5fc1f8,0x0000000094f80000)
 Metaspace       used 101171K, capacity 107064K, committed 107160K, reserved 1142784K
  class space    used 13688K, capacity 14741K, committed 14760K, reserved 1048576K
Event: 116.172 GC heap after
Heap after GC invocations=30 (full 4):
 PSYoungGen      total 651264K, used 22290K [0x00000000d5580000, 0x00000000ffc80000, 0x0000000100000000)
  eden space 608256K, 0% used [0x00000000d5580000,0x00000000d5580000,0x00000000fa780000)
  from space 43008K, 51% used [0x00000000fd280000,0x00000000fe844a08,0x00000000ffc80000)
  to   space 43520K, 0% used [0x00000000fa780000,0x00000000fa780000,0x00000000fd200000)
 ParOldGen       total 343552K, used 197240K [0x0000000080000000, 0x0000000094f80000, 0x00000000d5580000)
  object space 343552K, 57% used [0x0000000080000000,0x000000008c09e2c8,0x0000000094f80000)
 Metaspace       used 101171K, capacity 107064K, committed 107160K, reserved 1142784K
  class space    used 13688K, capacity 14741K, committed 14760K, reserved 1048576K
}
Event: 119.254 GC heap before
{Heap before GC invocations=31 (full 4):
 PSYoungGen      total 651264K, used 630546K [0x00000000d5580000, 0x00000000ffc80000, 0x0000000100000000)
  eden space 608256K, 100% used [0x00000000d5580000,0x00000000fa780000,0x00000000fa780000)
  from space 43008K, 51% used [0x00000000fd280000,0x00000000fe844a08,0x00000000ffc80000)
  to   space 43520K, 0% used [0x00000000fa780000,0x00000000fa780000,0x00000000fd200000)
 ParOldGen       total 343552K, used 197240K [0x0000000080000000, 0x0000000094f80000, 0x00000000d5580000)
  object space 343552K, 57% used [0x0000000080000000,0x000000008c09e2c8,0x0000000094f80000)
 Metaspace       used 103401K, capacity 109524K, committed 109848K, reserved 1144832K
  class space    used 13919K, capacity 15025K, committed 15144K, reserved 1048576K
Event: 119.271 GC heap after
Heap after GC invocations=31 (full 4):
 PSYoungGen      total 651776K, used 26337K [0x00000000d5580000, 0x0000000100000000, 0x0000000100000000)
  eden space 608256K, 0% used [0x00000000d5580000,0x00000000d5580000,0x00000000fa780000)
  from space 43520K, 60% used [0x00000000fa780000,0x00000000fc138520,0x00000000fd200000)
  to   space 43520K, 0% used [0x00000000fd580000,0x00000000fd580000,0x0000000100000000)
 ParOldGen       total 343552K, used 200164K [0x0000000080000000, 0x0000000094f80000, 0x00000000d5580000)
  object space 343552K, 58% used [0x0000000080000000,0x000000008c379240,0x0000000094f80000)
 Metaspace       used 103401K, capacity 109524K, committed 109848K, reserved 1144832K
  class space    used 13919K, capacity 15025K, committed 15144K, reserved 1048576K
}
Event: 138.425 GC heap before
{Heap before GC invocations=32 (full 4):
 PSYoungGen      total 651776K, used 634593K [0x00000000d5580000, 0x0000000100000000, 0x0000000100000000)
  eden space 608256K, 100% used [0x00000000d5580000,0x00000000fa780000,0x00000000fa780000)
  from space 43520K, 60% used [0x00000000fa780000,0x00000000fc138520,0x00000000fd200000)
  to   space 43520K, 0% used [0x00000000fd580000,0x00000000fd580000,0x0000000100000000)
 ParOldGen       total 343552K, used 200164K [0x0000000080000000, 0x0000000094f80000, 0x00000000d5580000)
  object space 343552K, 58% used [0x0000000080000000,0x000000008c379240,0x0000000094f80000)
 Metaspace       used 112515K, capacity 119422K, committed 119576K, reserved 1153024K
  class space    used 14877K, capacity 16138K, committed 16168K, reserved 1048576K
Event: 138.439 GC heap after
Heap after GC invocations=32 (full 4):
 PSYoungGen      total 655360K, used 25946K [0x00000000d5580000, 0x0000000100000000, 0x0000000100000000)
  eden space 611840K, 0% used [0x00000000d5580000,0x00000000d5580000,0x00000000fab00000)
  from space 43520K, 59% used [0x00000000fd580000,0x00000000feed6910,0x0000000100000000)
  to   space 43520K, 0% used [0x00000000fab00000,0x00000000fab00000,0x00000000fd580000)
 ParOldGen       total 343552K, used 203797K [0x0000000080000000, 0x0000000094f80000, 0x00000000d5580000)
  object space 343552K, 59% used [0x0000000080000000,0x000000008c7055c8,0x0000000094f80000)
 Metaspace       used 112515K, capacity 119422K, committed 119576K, reserved 1153024K
  class space    used 14877K, capacity 16138K, committed 16168K, reserved 1048576K
}

Deoptimization events (10 events):
Event: 140.338 Thread 0x0000024e5d080800 Uncommon trap: reason=unstable_if action=reinterpret pc=0x0000024e3839b12c method=java.lang.reflect.Modifier.toString(I)Ljava/lang/String; @ 123
Event: 140.425 Thread 0x0000024e5d080800 Uncommon trap: reason=unstable_if action=reinterpret pc=0x0000024e383a57bc method=java.lang.reflect.Modifier.toString(I)Ljava/lang/String; @ 123
Event: 140.640 Thread 0x0000024e5d080800 Uncommon trap: reason=null_check action=make_not_entrant pc=0x0000024e378b5c34 method=java.net.URL.getURLStreamHandler(Ljava/lang/String;)Ljava/net/URLStreamHandler; @ 7
Event: 140.656 Thread 0x0000024e5d080800 Uncommon trap: reason=class_check action=maybe_recompile pc=0x0000024e3a70d29c method=java.lang.StringCoding.encode(Ljava/nio/charset/Charset;[CII)[B @ 1
Event: 140.656 Thread 0x0000024e5d080800 Uncommon trap: reason=class_check action=maybe_recompile pc=0x0000024e3a70d29c method=java.lang.StringCoding.encode(Ljava/nio/charset/Charset;[CII)[B @ 1
Event: 140.657 Thread 0x0000024e5d080800 Uncommon trap: reason=class_check action=maybe_recompile pc=0x0000024e3a70d29c method=java.lang.StringCoding.encode(Ljava/nio/charset/Charset;[CII)[B @ 1
Event: 140.657 Thread 0x0000024e5d080800 Uncommon trap: reason=unstable_if action=reinterpret pc=0x0000024e37ceb13c method=java.security.CodeSource.matchCerts(Ljava/security/CodeSource;Z)Z @ 11
Event: 140.661 Thread 0x0000024e5d080800 Uncommon trap: reason=unstable_if action=reinterpret pc=0x0000024e388f0aa4 method=java.lang.String.trim()Ljava/lang/String; @ 44
Event: 140.677 Thread 0x0000024e5d080800 Uncommon trap: reason=class_check action=maybe_recompile pc=0x0000024e3a70d29c method=java.lang.StringCoding.encode(Ljava/nio/charset/Charset;[CII)[B @ 1
Event: 140.685 Thread 0x0000024e5d080800 Uncommon trap: reason=unstable_if action=reinterpret pc=0x0000024e375919f8 method=java.lang.String.regionMatches(ZILjava/lang/String;II)Z @ 123

Classes redefined (0 events):
No events

Internal exceptions (10 events):
Event: 140.612 Thread 0x0000024e5d080800 Exception <a 'java/lang/ClassNotFoundException': org/codehaus/groovy/ast/stmt/BlockStatementCustomizer> (0x00000000e4c842a0) thrown at [C:\jenkins\workspace\8-2-build-windows-amd64-cygwin\jdk8u271\605\hotspot\src\share\vm\classfile\systemDictionary.cpp, l
Event: 140.617 Thread 0x0000024e5d080800 Exception <a 'java/lang/ClassNotFoundException': java/util/LinkedListBeanInfo> (0x00000000e4d52168) thrown at [C:\jenkins\workspace\8-2-build-windows-amd64-cygwin\jdk8u271\605\hotspot\src\share\vm\classfile\systemDictionary.cpp, line 212]
Event: 140.617 Thread 0x0000024e5d080800 Exception <a 'java/lang/ClassNotFoundException': java/util/AbstractSequentialListBeanInfo> (0x00000000e4d5de88) thrown at [C:\jenkins\workspace\8-2-build-windows-amd64-cygwin\jdk8u271\605\hotspot\src\share\vm\classfile\systemDictionary.cpp, line 212]
Event: 140.617 Thread 0x0000024e5d080800 Exception <a 'java/lang/ClassNotFoundException': java/util/AbstractSequentialListCustomizer> (0x00000000e4d69be0) thrown at [C:\jenkins\workspace\8-2-build-windows-amd64-cygwin\jdk8u271\605\hotspot\src\share\vm\classfile\systemDictionary.cpp, line 212]
Event: 140.618 Thread 0x0000024e5d080800 Exception <a 'java/lang/ClassNotFoundException': java/util/LinkedListCustomizer> (0x00000000e4d7eda0) thrown at [C:\jenkins\workspace\8-2-build-windows-amd64-cygwin\jdk8u271\605\hotspot\src\share\vm\classfile\systemDictionary.cpp, line 212]
Event: 140.621 Thread 0x0000024e5d080800 Exception <a 'java/lang/ClassNotFoundException': org/codehaus/groovy/ast/ClassNodeBeanInfo> (0x00000000e4e2f298) thrown at [C:\jenkins\workspace\8-2-build-windows-amd64-cygwin\jdk8u271\605\hotspot\src\share\vm\classfile\systemDictionary.cpp, line 212]
Event: 140.622 Thread 0x0000024e5d080800 Exception <a 'java/lang/ClassNotFoundException': org/codehaus/groovy/ast/AnnotatedNodeBeanInfo> (0x00000000e4e6c858) thrown at [C:\jenkins\workspace\8-2-build-windows-amd64-cygwin\jdk8u271\605\hotspot\src\share\vm\classfile\systemDictionary.cpp, line 212]
Event: 140.622 Thread 0x0000024e5d080800 Exception <a 'java/lang/ClassNotFoundException': org/codehaus/groovy/ast/AnnotatedNodeCustomizer> (0x00000000e4eaac48) thrown at [C:\jenkins\workspace\8-2-build-windows-amd64-cygwin\jdk8u271\605\hotspot\src\share\vm\classfile\systemDictionary.cpp, line 21
Event: 140.623 Thread 0x0000024e5d080800 Exception <a 'java/lang/ClassNotFoundException': org/codehaus/groovy/ast/ClassNodeCustomizer> (0x00000000e4ef6728) thrown at [C:\jenkins\workspace\8-2-build-windows-amd64-cygwin\jdk8u271\605\hotspot\src\share\vm\classfile\systemDictionary.cpp, line 212]
Event: 140.640 Thread 0x0000024e5d080800 Implicit null exception at 0x0000024e378b3140 to 0x0000024e378b5c29

Events (10 events):
Event: 140.689 loading class sun/security/validator/Validator done
Event: 140.689 loading class sun/security/validator/SimpleValidator
Event: 140.689 Thread 0x0000024e4c570800 flushing nmethod 0x0000024e3907fa10
Event: 140.689 Thread 0x0000024e4c570800 flushing nmethod 0x0000024e3907fe90
Event: 140.689 Thread 0x0000024e4c570800 flushing nmethod 0x0000024e390ba610
Event: 140.690 loading class sun/security/validator/SimpleValidator done
Event: 140.690 loading class sun/security/validator/EndEntityChecker
Event: 140.690 loading class sun/security/validator/EndEntityChecker done
Event: 140.691 Thread 0x0000024e4c570800 flushing nmethod 0x0000024e3963a910
Event: 140.692 Thread 0x0000024e4c570800 flushing nmethod 0x0000024e39830c90


Dynamic libraries:
0x00007ff75c4e0000 - 0x00007ff75c527000 	C:\Program Files\Java\jdk1.8.0_271\bin\java.exe
0x00007ff93d020000 - 0x00007ff93d210000 	C:\Windows\SYSTEM32\ntdll.dll
0x00007ff93c9a0000 - 0x00007ff93ca52000 	C:\Windows\System32\KERNEL32.DLL
0x00007ff93ac20000 - 0x00007ff93aec5000 	C:\Windows\System32\KERNELBASE.dll
0x00007ff93cb70000 - 0x00007ff93cc13000 	C:\Windows\System32\ADVAPI32.dll
0x00007ff93b8f0000 - 0x00007ff93b98e000 	C:\Windows\System32\msvcrt.dll
0x00007ff93c090000 - 0x00007ff93c127000 	C:\Windows\System32\sechost.dll
0x00007ff93b0e0000 - 0x00007ff93b1ff000 	C:\Windows\System32\RPCRT4.dll
0x00007ff93c650000 - 0x00007ff93c7e4000 	C:\Windows\System32\USER32.dll
0x00007ff93ab40000 - 0x00007ff93ab61000 	C:\Windows\System32\win32u.dll
0x00007ff93cb40000 - 0x00007ff93cb66000 	C:\Windows\System32\GDI32.dll
0x00007ff93a740000 - 0x00007ff93a8d8000 	C:\Windows\System32\gdi32full.dll
0x00007ff93afd0000 - 0x00007ff93b06e000 	C:\Windows\System32\msvcp_win.dll
0x00007ff93aed0000 - 0x00007ff93afca000 	C:\Windows\System32\ucrtbase.dll
0x00007ff921440000 - 0x00007ff9216c4000 	C:\Windows\WinSxS\amd64_microsoft.windows.common-controls_6595b64144ccf1df_6.0.18362.1440_none_9e7dbfb9e45e8e67\COMCTL32.dll
0x00007ff93bc80000 - 0x00007ff93bfb6000 	C:\Windows\System32\combase.dll
0x00007ff93aab0000 - 0x00007ff93ab31000 	C:\Windows\System32\bcryptPrimitives.dll
0x00007ff93ca60000 - 0x00007ff93ca8e000 	C:\Windows\System32\IMM32.DLL
0x00007ff933ba0000 - 0x00007ff933bb5000 	C:\Program Files\Java\jdk1.8.0_271\jre\bin\vcruntime140.dll
0x00007ff920b60000 - 0x00007ff920bfb000 	C:\Program Files\Java\jdk1.8.0_271\jre\bin\msvcp140.dll
0x0000000069240000 - 0x0000000069aaf000 	C:\Program Files\Java\jdk1.8.0_271\jre\bin\server\jvm.dll
0x00007ff93ba00000 - 0x00007ff93ba08000 	C:\Windows\System32\PSAPI.DLL
0x00007ff937a40000 - 0x00007ff937a64000 	C:\Windows\SYSTEM32\WINMM.dll
0x00007ff933750000 - 0x00007ff93375a000 	C:\Windows\SYSTEM32\VERSION.dll
0x00007ff937910000 - 0x00007ff93793d000 	C:\Windows\SYSTEM32\winmmbase.dll
0x00007ff93a900000 - 0x00007ff93a94a000 	C:\Windows\System32\cfgmgr32.dll
0x00007ff931640000 - 0x00007ff931649000 	C:\Windows\SYSTEM32\WSOCK32.dll
0x0000024e35870000 - 0x0000024e358df000 	C:\Windows\System32\ws2_32.DLL
0x00007ff939f50000 - 0x00007ff939f61000 	C:\Windows\System32\kernel.appcore.dll
0x00007ff934520000 - 0x00007ff934530000 	C:\Program Files\Java\jdk1.8.0_271\jre\bin\verify.dll
0x00007ff9291d0000 - 0x00007ff9291fb000 	C:\Program Files\Java\jdk1.8.0_271\jre\bin\java.dll
0x00007ff930cc0000 - 0x00007ff930cd8000 	C:\Program Files\Java\jdk1.8.0_271\jre\bin\zip.dll
0x00007ff93b200000 - 0x00007ff93b8e8000 	C:\Windows\System32\SHELL32.dll
0x00007ff93ca90000 - 0x00007ff93cb37000 	C:\Windows\System32\shcore.dll
0x00007ff939f90000 - 0x00007ff93a70b000 	C:\Windows\System32\windows.storage.dll
0x00007ff939ee0000 - 0x00007ff939efe000 	C:\Windows\System32\profapi.dll
0x00007ff939f00000 - 0x00007ff939f4a000 	C:\Windows\System32\powrprof.dll
0x00007ff939ed0000 - 0x00007ff939ee0000 	C:\Windows\System32\UMPDC.dll
0x00007ff93bb70000 - 0x00007ff93bbc2000 	C:\Windows\System32\shlwapi.dll
0x00007ff93a8e0000 - 0x00007ff93a8f7000 	C:\Windows\System32\cryptsp.dll
0x00007ff92bd30000 - 0x00007ff92bd4c000 	C:\Program Files\Java\jdk1.8.0_271\jre\bin\net.dll
0x00007ff9396b0000 - 0x00007ff939717000 	C:\Windows\system32\mswsock.dll
0x00007ff92b3a0000 - 0x00007ff92b3b3000 	C:\Program Files\Java\jdk1.8.0_271\jre\bin\nio.dll
0x00007ff923820000 - 0x00007ff923847000 	D:\gradle\gradle-6.6-all\gradle-6.6\gradle-6.6\bin\native\f6784746aeab05261644944871eae4fe03e0ef1612fff0a4a95f87b438bc6780\windows-amd64\native-platform.dll
0x00007ff933c10000 - 0x00007ff933c1d000 	C:\Program Files\Java\jdk1.8.0_271\jre\bin\management.dll
0x00007ff939230000 - 0x00007ff939263000 	C:\Windows\system32\rsaenh.dll
0x00007ff93a710000 - 0x00007ff93a736000 	C:\Windows\System32\bcrypt.dll
0x00007ff939db0000 - 0x00007ff939dd5000 	C:\Windows\SYSTEM32\USERENV.dll
0x00007ff939880000 - 0x00007ff93988c000 	C:\Windows\SYSTEM32\CRYPTBASE.dll
0x00007ff9393c0000 - 0x00007ff9393fa000 	C:\Windows\SYSTEM32\IPHLPAPI.DLL
0x00007ff93b0d0000 - 0x00007ff93b0d8000 	C:\Windows\System32\NSI.dll
0x00007ff937d50000 - 0x00007ff937d66000 	C:\Windows\SYSTEM32\dhcpcsvc6.DLL
0x00007ff937d10000 - 0x00007ff937d2c000 	C:\Windows\SYSTEM32\dhcpcsvc.DLL
0x00007ff939400000 - 0x00007ff9394cb000 	C:\Windows\SYSTEM32\DNSAPI.dll
0x00007ff935a40000 - 0x00007ff935a4b000 	C:\Windows\SYSTEM32\WINNSI.DLL
0x00007ff938f10000 - 0x00007ff938f41000 	C:\Windows\SYSTEM32\ntmarta.dll
0x00007ff90d110000 - 0x00007ff90d2a4000 	C:\Program Files\Java\jdk1.8.0_271\jre\bin\awt.dll
0x00007ff93c8d0000 - 0x00007ff93c995000 	C:\Windows\System32\OLEAUT32.dll
0x00007ff937bb0000 - 0x00007ff937c3f000 	C:\Windows\SYSTEM32\apphelp.dll
0x00007ff9381d0000 - 0x00007ff9381fd000 	C:\Windows\system32\DWMAPI.DLL
0x00007ff937db0000 - 0x00007ff937e49000 	C:\Windows\system32\uxtheme.dll
0x00007ff922580000 - 0x00007ff9225aa000 	C:\Program Files\Java\jdk1.8.0_271\jre\bin\dcpr.dll
0x00007ff920d10000 - 0x00007ff920d34000 	C:\Program Files\Java\jdk1.8.0_271\jre\bin\sunec.dll
0x00007ff9386f0000 - 0x00007ff9388e4000 	C:\Windows\SYSTEM32\dbghelp.dll

VM Arguments:
jvm_args: -Xmx2048m -Dfile.encoding=UTF-8 -Duser.country=CN -Duser.language=zh -Duser.variant 
java_command: org.gradle.launcher.daemon.bootstrap.GradleDaemon 6.5
java_class_path (initial): D:\gradle\gradle-6.6-all\gradle-6.6\gradle-6.6\bin\wrapper\dists\gradle-6.5-bin\6nifqtx7604sqp1q6g8wikw7p\gradle-6.5\lib\gradle-launcher-6.5.jar
Launcher Type: SUN_STANDARD

Environment Variables:
JAVA_HOME=C:\Program Files\Java\jdk1.8.0_271
CLASSPATH=.;C:\Program Files\Java\jdk1.8.0_271\lib\dt.jar;C:\Program Files\Java\jdk1.8.0_271\lib\tools.jar; 
PATH=C:\Program Files (x86)\Common Files\Oracle\Java\javapath;C:\Windows\system32;C:\Windows;C:\Windows\System32\Wbem;C:\Windows\System32\WindowsPowerShell\v1.0\;C:\Windows\System32\OpenSSH\;D:\install_package\Git\cmd;"C:\Program Files\Java\jdk1.8.0_271\bin;C:\Program Files\Java\jdk1.8.0_271\jre\bin;";C:\Users\HP\AppData\Local\Microsoft\WindowsApps;
USERNAME=HP
OS=Windows_NT
PROCESSOR_IDENTIFIER=AMD64 Family 23 Model 96 Stepping 1, AuthenticAMD



---------------  S Y S T E M  ---------------

OS: Windows 10.0 , 64 bit Build 18362 (10.0.18362.1350)

CPU:total 8 (initial active 8) (8 cores per cpu, 1 threads per core) family 23 model 96 stepping 1, cmov, cx8, fxsr, mmx, sse, sse2, sse3, ssse3, sse4.1, sse4.2, popcnt, avx, avx2, aes, clmul, mmxext, 3dnowpref, lzcnt, sse4a, tsc, tscinvbit, tscinv, bmi1

Memory: 4k page, physical 16151864k(2292744k free), swap 31880628k(5636k free)

vm_info: Java HotSpot(TM) 64-Bit Server VM (25.271-b09) for windows-amd64 JRE (1.8.0_271-b09), built on Sep 16 2020 19:14:59 by "" with MS VC++ 15.9 (VS2017)

time: Mon Apr 12 14:55:58 2021
timezone: ?D1¨²¡À¨º¡Á?¨º¡À??
elapsed time: 140.736943 seconds (0d 0h 2m 20s)

